TpTrace Verbose: 0 : 31328, 1, 2023/10/22, 22:12:45.066, 8941016964108, vstest.console.dll, Version: 17.5.0-release-20221220-01 Current process architecture: X64
TpTrace Verbose: 0 : 31328, 1, 2023/10/22, 22:12:45.070, 8941017000410, vstest.console.dll, Runtime location: C:\Program Files\dotnet\shared\Microsoft.NETCore.App\7.0.4
TpTrace Verbose: 0 : 31328, 1, 2023/10/22, 22:12:45.077, 8941017070952, vstest.console.dll, ArtifactProcessingPostProcessModeProcessorExecutor.Initialize: ArtifactProcessingMode.Collect
TpTrace Verbose: 0 : 31328, 1, 2023/10/22, 22:12:45.077, 8941017073374, vstest.console.dll, TestSessionCorrelationIdProcessorModeProcessorExecutor.Initialize: TestSessionCorrelationId '30836_0f4b8ba5-c84e-4bc2-9aef-afcd3ba8058a'
TpTrace Information: 0 : 31328, 1, 2023/10/22, 22:12:45.094, 8941017249896, vstest.console.dll, FilePatternParser: The given file D:\Kanini\Internship\Devops Training\Final Assessment\DemeDotNet\DemoDotNetTest\bin\Debug\net6.0\fine-code-coverage\build-output\DemoDotNetTest.dll is a full path.
TpTrace Verbose: 0 : 31328, 1, 2023/10/22, 22:12:45.111, 8941017419124, vstest.console.dll, TestPluginCache.DiscoverTestExtensions: finding test extensions in assemblies ends with: RuntimeProvider.dll TPluginInfo: Microsoft.VisualStudio.TestPlatform.Common.ExtensionFramework.Utilities.TestRuntimePluginInformation TExtension: Microsoft.VisualStudio.TestPlatform.ObjectModel.Host.ITestRuntimeProvider
TpTrace Verbose: 0 : 31328, 1, 2023/10/22, 22:12:45.112, 8941017425219, vstest.console.dll, TestPluginCache.GetExtensionPaths: Filtered extension paths: 
TpTrace Verbose: 0 : 31328, 1, 2023/10/22, 22:12:45.112, 8941017426480, vstest.console.dll, TestPluginCache.GetExtensionPaths: Added default extension paths: C:\Program Files\dotnet\sdk\7.0.202\Extensions\Microsoft.Diagnostics.NETCore.Client.dll
C:\Program Files\dotnet\sdk\7.0.202\Extensions\Microsoft.TestPlatform.Extensions.BlameDataCollector.dll
C:\Program Files\dotnet\sdk\7.0.202\Extensions\Microsoft.TestPlatform.Extensions.EventLogCollector.dll
C:\Program Files\dotnet\sdk\7.0.202\Extensions\Microsoft.TestPlatform.TestHostRuntimeProvider.dll
C:\Program Files\dotnet\sdk\7.0.202\Extensions\Microsoft.VisualStudio.TestPlatform.Extensions.Html.TestLogger.dll
C:\Program Files\dotnet\sdk\7.0.202\Extensions\Microsoft.VisualStudio.TestPlatform.Extensions.Trx.TestLogger.dll
TpTrace Verbose: 0 : 31328, 1, 2023/10/22, 22:12:45.112, 8941017427016, vstest.console.dll, TestPluginCache.GetExtensionPaths: Added unfilterableExtensionPaths: 
TpTrace Information: 0 : 31328, 1, 2023/10/22, 22:12:45.114, 8941017443383, vstest.console.dll, AssemblyResolver.ctor: Creating AssemblyResolver with searchDirectories C:\Program Files\dotnet\sdk\7.0.202\Extensions,C:\Program Files\dotnet\sdk\7.0.202
TpTrace Verbose: 0 : 31328, 1, 2023/10/22, 22:12:45.117, 8941017478429, vstest.console.dll, TestPluginCache.DiscoverTestExtensions: Discovering the extensions using extension path.
TpTrace Verbose: 0 : 31328, 1, 2023/10/22, 22:12:45.118, 8941017483234, vstest.console.dll, TestPluginCache.GetExtensionPaths: Filtered extension paths: 
TpTrace Verbose: 0 : 31328, 1, 2023/10/22, 22:12:45.118, 8941017484057, vstest.console.dll, TestPluginCache.GetExtensionPaths: Added default extension paths: C:\Program Files\dotnet\sdk\7.0.202\Extensions\Microsoft.Diagnostics.NETCore.Client.dll
C:\Program Files\dotnet\sdk\7.0.202\Extensions\Microsoft.TestPlatform.Extensions.BlameDataCollector.dll
C:\Program Files\dotnet\sdk\7.0.202\Extensions\Microsoft.TestPlatform.Extensions.EventLogCollector.dll
C:\Program Files\dotnet\sdk\7.0.202\Extensions\Microsoft.TestPlatform.TestHostRuntimeProvider.dll
C:\Program Files\dotnet\sdk\7.0.202\Extensions\Microsoft.VisualStudio.TestPlatform.Extensions.Html.TestLogger.dll
C:\Program Files\dotnet\sdk\7.0.202\Extensions\Microsoft.VisualStudio.TestPlatform.Extensions.Trx.TestLogger.dll
TpTrace Verbose: 0 : 31328, 1, 2023/10/22, 22:12:45.118, 8941017484564, vstest.console.dll, TestPluginCache.GetExtensionPaths: Added unfilterableExtensionPaths: 
TpTrace Verbose: 0 : 31328, 1, 2023/10/22, 22:12:45.118, 8941017485947, vstest.console.dll, TestPluginCache.DiscoverTestExtensions: Discovering the extensions using allExtensionPaths: C:\Program Files\dotnet\sdk\7.0.202\Extensions\Microsoft.Diagnostics.NETCore.Client.dll
C:\Program Files\dotnet\sdk\7.0.202\Extensions\Microsoft.TestPlatform.Extensions.BlameDataCollector.dll
C:\Program Files\dotnet\sdk\7.0.202\Extensions\Microsoft.TestPlatform.Extensions.EventLogCollector.dll
C:\Program Files\dotnet\sdk\7.0.202\Extensions\Microsoft.TestPlatform.TestHostRuntimeProvider.dll
C:\Program Files\dotnet\sdk\7.0.202\Extensions\Microsoft.VisualStudio.TestPlatform.Extensions.Html.TestLogger.dll
C:\Program Files\dotnet\sdk\7.0.202\Extensions\Microsoft.VisualStudio.TestPlatform.Extensions.Trx.TestLogger.dll
TpTrace Information: 0 : 31328, 1, 2023/10/22, 22:12:45.118, 8941017488555, vstest.console.dll, AssemblyResolver.AddSearchDirectories: Adding more searchDirectories C:\Program Files\dotnet\sdk\7.0.202\Extensions,C:\Program Files\dotnet\sdk\7.0.202
TpTrace Information: 0 : 31328, 1, 2023/10/22, 22:12:45.118, 8941017489755, vstest.console.dll, AssemblyResolver.AddSearchDirectories: Adding more searchDirectories C:\Program Files\dotnet\sdk\7.0.202\Extensions,C:\Program Files\dotnet\sdk\7.0.202
TpTrace Information: 0 : 31328, 1, 2023/10/22, 22:12:45.119, 8941017491731, vstest.console.dll, AssemblyResolver.AddSearchDirectories: Adding more searchDirectories C:\Program Files\dotnet\sdk\7.0.202\Extensions,C:\Program Files\dotnet\sdk\7.0.202
TpTrace Information: 0 : 31328, 1, 2023/10/22, 22:12:45.119, 8941017492674, vstest.console.dll, AssemblyResolver.AddSearchDirectories: Adding more searchDirectories C:\Program Files\dotnet\sdk\7.0.202\Extensions,C:\Program Files\dotnet\sdk\7.0.202
TpTrace Information: 0 : 31328, 1, 2023/10/22, 22:12:45.119, 8941017493128, vstest.console.dll, AssemblyResolver.AddSearchDirectories: Adding more searchDirectories C:\Program Files\dotnet\sdk\7.0.202\Extensions,C:\Program Files\dotnet\sdk\7.0.202
TpTrace Information: 0 : 31328, 1, 2023/10/22, 22:12:45.119, 8941017493486, vstest.console.dll, AssemblyResolver.AddSearchDirectories: Adding more searchDirectories C:\Program Files\dotnet\sdk\7.0.202\Extensions,C:\Program Files\dotnet\sdk\7.0.202
TpTrace Information: 0 : 31328, 1, 2023/10/22, 22:12:45.120, 8941017500756, vstest.console.dll, AssemblyResolver.OnResolve: Microsoft.Diagnostics.NETCore.Client: Resolving assembly.
TpTrace Information: 0 : 31328, 1, 2023/10/22, 22:12:45.120, 8941017502267, vstest.console.dll, AssemblyResolver.OnResolve: Microsoft.Diagnostics.NETCore.Client: Searching in: 'C:\Program Files\dotnet\sdk\7.0.202\Extensions'.
TpTrace Information: 0 : 31328, 1, 2023/10/22, 22:12:45.146, 8941017760488, vstest.console.dll, AssemblyResolver.OnResolve: Microsoft.Diagnostics.NETCore.Client: Loading assembly 'C:\Program Files\dotnet\sdk\7.0.202\Extensions\Microsoft.Diagnostics.NETCore.Client.dll'.
TpTrace Information: 0 : 31328, 1, 2023/10/22, 22:12:45.149, 8941017791540, vstest.console.dll, AssemblyResolver.OnResolve: Resolved assembly: Microsoft.Diagnostics.NETCore.Client, from path: C:\Program Files\dotnet\sdk\7.0.202\Extensions\Microsoft.Diagnostics.NETCore.Client.dll
TpTrace Verbose: 0 : 31328, 1, 2023/10/22, 22:12:45.151, 8941017812521, vstest.console.dll, MetadataReaderExtensionsHelper: Discovering extensions inside assembly 'Microsoft.Diagnostics.NETCore.Client, Version=0.2.6.42401, Culture=neutral, PublicKeyToken=31bf3856ad364e35' file path 'C:\Program Files\dotnet\sdk\7.0.202\Extensions\Microsoft.Diagnostics.NETCore.Client.dll'
TpTrace Information: 0 : 31328, 1, 2023/10/22, 22:12:45.159, 8941017895234, vstest.console.dll, AssemblyResolver.OnResolve: Microsoft.Bcl.AsyncInterfaces: Resolving assembly.
TpTrace Information: 0 : 31328, 1, 2023/10/22, 22:12:45.159, 8941017896727, vstest.console.dll, AssemblyResolver.OnResolve: Microsoft.Bcl.AsyncInterfaces: Searching in: 'C:\Program Files\dotnet\sdk\7.0.202\Extensions'.
TpTrace Information: 0 : 31328, 1, 2023/10/22, 22:12:45.159, 8941017897772, vstest.console.dll, AssemblyResolver.OnResolve: Microsoft.Bcl.AsyncInterfaces: Assembly path does not exist: 'C:\Program Files\dotnet\sdk\7.0.202\Extensions\Microsoft.Bcl.AsyncInterfaces.dll', returning.
TpTrace Information: 0 : 31328, 1, 2023/10/22, 22:12:45.159, 8941017899194, vstest.console.dll, AssemblyResolver.OnResolve: Microsoft.Bcl.AsyncInterfaces: Assembly path does not exist: 'C:\Program Files\dotnet\sdk\7.0.202\Extensions\Microsoft.Bcl.AsyncInterfaces.exe', returning.
TpTrace Information: 0 : 31328, 1, 2023/10/22, 22:12:45.159, 8941017899803, vstest.console.dll, AssemblyResolver.OnResolve: Microsoft.Bcl.AsyncInterfaces: Searching in: 'C:\Program Files\dotnet\sdk\7.0.202'.
TpTrace Information: 0 : 31328, 1, 2023/10/22, 22:12:45.160, 8941017900720, vstest.console.dll, AssemblyResolver.OnResolve: Microsoft.Bcl.AsyncInterfaces: Assembly path does not exist: 'C:\Program Files\dotnet\sdk\7.0.202\Microsoft.Bcl.AsyncInterfaces.dll', returning.
TpTrace Information: 0 : 31328, 1, 2023/10/22, 22:12:45.160, 8941017901480, vstest.console.dll, AssemblyResolver.OnResolve: Microsoft.Bcl.AsyncInterfaces: Assembly path does not exist: 'C:\Program Files\dotnet\sdk\7.0.202\Microsoft.Bcl.AsyncInterfaces.exe', returning.
TpTrace Information: 0 : 31328, 1, 2023/10/22, 22:12:45.160, 8941017901868, vstest.console.dll, AssemblyResolver.OnResolve: Microsoft.Bcl.AsyncInterfaces: Failed to load assembly.
TpTrace Verbose: 0 : 31328, 1, 2023/10/22, 22:12:45.160, 8941017902393, vstest.console.dll, CurrentDomainAssemblyResolve: Resolving assembly 'Microsoft.Bcl.AsyncInterfaces'.
TpTrace Information: 0 : 31328, 1, 2023/10/22, 22:12:45.160, 8941017903168, vstest.console.dll, AssemblyResolver.OnResolve: Microsoft.Bcl.AsyncInterfaces: Resolving assembly.
TpTrace Information: 0 : 31328, 1, 2023/10/22, 22:12:45.160, 8941017903664, vstest.console.dll, AssemblyResolver.OnResolve: Microsoft.Bcl.AsyncInterfaces: Resolved from cache.
TpTrace Verbose: 0 : 31328, 1, 2023/10/22, 22:12:45.160, 8941017904012, vstest.console.dll, CurrentDomainAssemblyResolve: Resolving assembly 'Microsoft.Bcl.AsyncInterfaces'.
TpTrace Verbose: 0 : 31328, 1, 2023/10/22, 22:12:45.160, 8941017904447, vstest.console.dll, CurrentDomainAssemblyResolve: Failed to resolve assembly 'Microsoft.Bcl.AsyncInterfaces'.
TpTrace Verbose: 0 : 31328, 1, 2023/10/22, 22:12:45.168, 8941017982882, vstest.console.dll, CurrentDomainAssemblyResolve: Failed to resolve assembly 'Microsoft.Bcl.AsyncInterfaces'.
TpTrace Warning: 0 : 31328, 1, 2023/10/22, 22:12:45.187, 8941018171032, vstest.console.dll, TestPluginDiscoverer: Failed to get types from assembly 'Microsoft.Diagnostics.NETCore.Client, Version=0.2.6.42401, Culture=neutral, PublicKeyToken=31bf3856ad364e35'. Error: System.Reflection.ReflectionTypeLoadException: Unable to load one or more of the requested types.
Could not load file or assembly 'Microsoft.Bcl.AsyncInterfaces, Version=1.0.0.0, Culture=neutral, PublicKeyToken=cc7b13ffcd2ddd51'. The system cannot find the file specified.
   at System.Reflection.RuntimeModule.GetTypes(RuntimeModule module)
   at System.Reflection.Assembly.GetTypes()
   at Microsoft.VisualStudio.TestPlatform.Common.ExtensionFramework.TestPluginDiscoverer.GetTestExtensionsFromAssembly[TPluginInfo,TExtension](Assembly assembly, Dictionary`2 pluginInfos, String filePath)
System.IO.FileNotFoundException: Could not load file or assembly 'Microsoft.Bcl.AsyncInterfaces, Version=1.0.0.0, Culture=neutral, PublicKeyToken=cc7b13ffcd2ddd51'. The system cannot find the file specified.
File name: 'Microsoft.Bcl.AsyncInterfaces, Version=1.0.0.0, Culture=neutral, PublicKeyToken=cc7b13ffcd2ddd51'
 ---> System.IO.FileNotFoundException: Could not load file or assembly 'Microsoft.Bcl.AsyncInterfaces, Culture=neutral, PublicKeyToken=null'. The system cannot find the file specified.
File name: 'Microsoft.Bcl.AsyncInterfaces, Culture=neutral, PublicKeyToken=null'
   at System.Reflection.RuntimeAssembly.InternalLoad(AssemblyName assemblyName, StackCrawlMark& stackMark, AssemblyLoadContext assemblyLoadContext, RuntimeAssembly requestingAssembly, Boolean throwOnFileNotFound)
   at System.Reflection.Assembly.Load(AssemblyName assemblyRef)
   at Microsoft.VisualStudio.TestPlatform.Common.ExtensionFramework.TestPluginCache.CurrentDomainAssemblyResolve(Object sender, AssemblyResolveEventArgs args)
   at System.Runtime.Loader.AssemblyLoadContext.GetFirstResolvedAssemblyFromResolvingEvent(AssemblyName assemblyName)
   at System.Runtime.Loader.AssemblyLoadContext.ResolveUsingEvent(AssemblyName assemblyName)
   at System.Runtime.Loader.AssemblyLoadContext.ResolveUsingResolvingEvent(IntPtr gchManagedAssemblyLoadContext, AssemblyName assemblyName)
TpTrace Warning: 0 : 31328, 1, 2023/10/22, 22:12:45.187, 8941018177578, vstest.console.dll, LoaderExceptions: System.IO.FileNotFoundException: Could not load file or assembly 'Microsoft.Bcl.AsyncInterfaces, Version=1.0.0.0, Culture=neutral, PublicKeyToken=cc7b13ffcd2ddd51'. The system cannot find the file specified.
File name: 'Microsoft.Bcl.AsyncInterfaces, Version=1.0.0.0, Culture=neutral, PublicKeyToken=cc7b13ffcd2ddd51'
 ---> System.IO.FileNotFoundException: Could not load file or assembly 'Microsoft.Bcl.AsyncInterfaces, Culture=neutral, PublicKeyToken=null'. The system cannot find the file specified.
File name: 'Microsoft.Bcl.AsyncInterfaces, Culture=neutral, PublicKeyToken=null'
   at System.Reflection.RuntimeAssembly.InternalLoad(AssemblyName assemblyName, StackCrawlMark& stackMark, AssemblyLoadContext assemblyLoadContext, RuntimeAssembly requestingAssembly, Boolean throwOnFileNotFound)
   at System.Reflection.Assembly.Load(AssemblyName assemblyRef)
   at Microsoft.VisualStudio.TestPlatform.Common.ExtensionFramework.TestPluginCache.CurrentDomainAssemblyResolve(Object sender, AssemblyResolveEventArgs args)
   at System.Runtime.Loader.AssemblyLoadContext.GetFirstResolvedAssemblyFromResolvingEvent(AssemblyName assemblyName)
   at System.Runtime.Loader.AssemblyLoadContext.ResolveUsingEvent(AssemblyName assemblyName)
   at System.Runtime.Loader.AssemblyLoadContext.ResolveUsingResolvingEvent(IntPtr gchManagedAssemblyLoadContext, AssemblyName assemblyName)
TpTrace Information: 0 : 31328, 1, 2023/10/22, 22:12:45.188, 8941018180559, vstest.console.dll, AssemblyResolver.OnResolve: Microsoft.TestPlatform.Extensions.BlameDataCollector: Resolving assembly.
TpTrace Information: 0 : 31328, 1, 2023/10/22, 22:12:45.188, 8941018181439, vstest.console.dll, AssemblyResolver.OnResolve: Microsoft.TestPlatform.Extensions.BlameDataCollector: Searching in: 'C:\Program Files\dotnet\sdk\7.0.202\Extensions'.
TpTrace Information: 0 : 31328, 1, 2023/10/22, 22:12:45.190, 8941018202527, vstest.console.dll, AssemblyResolver.OnResolve: Microsoft.TestPlatform.Extensions.BlameDataCollector: Loading assembly 'C:\Program Files\dotnet\sdk\7.0.202\Extensions\Microsoft.TestPlatform.Extensions.BlameDataCollector.dll'.
TpTrace Information: 0 : 31328, 1, 2023/10/22, 22:12:45.191, 8941018216190, vstest.console.dll, AssemblyResolver.OnResolve: Resolved assembly: Microsoft.TestPlatform.Extensions.BlameDataCollector, from path: C:\Program Files\dotnet\sdk\7.0.202\Extensions\Microsoft.TestPlatform.Extensions.BlameDataCollector.dll
TpTrace Verbose: 0 : 31328, 1, 2023/10/22, 22:12:45.191, 8941018217532, vstest.console.dll, MetadataReaderExtensionsHelper: Discovering extensions inside assembly 'Microsoft.TestPlatform.Extensions.BlameDataCollector, Version=15.0.0.0, Culture=neutral, PublicKeyToken=b03f5f7f11d50a3a' file path 'C:\Program Files\dotnet\sdk\7.0.202\Extensions\Microsoft.TestPlatform.Extensions.BlameDataCollector.dll'
TpTrace Information: 0 : 31328, 1, 2023/10/22, 22:12:45.195, 8941018252783, vstest.console.dll, AssemblyResolver.OnResolve: Microsoft.TestPlatform.Extensions.EventLogCollector: Resolving assembly.
TpTrace Information: 0 : 31328, 1, 2023/10/22, 22:12:45.195, 8941018253733, vstest.console.dll, AssemblyResolver.OnResolve: Microsoft.TestPlatform.Extensions.EventLogCollector: Searching in: 'C:\Program Files\dotnet\sdk\7.0.202\Extensions'.
TpTrace Information: 0 : 31328, 1, 2023/10/22, 22:12:45.196, 8941018267965, vstest.console.dll, AssemblyResolver.OnResolve: Microsoft.TestPlatform.Extensions.EventLogCollector: Loading assembly 'C:\Program Files\dotnet\sdk\7.0.202\Extensions\Microsoft.TestPlatform.Extensions.EventLogCollector.dll'.
TpTrace Information: 0 : 31328, 1, 2023/10/22, 22:12:45.197, 8941018280138, vstest.console.dll, AssemblyResolver.OnResolve: Resolved assembly: Microsoft.TestPlatform.Extensions.EventLogCollector, from path: C:\Program Files\dotnet\sdk\7.0.202\Extensions\Microsoft.TestPlatform.Extensions.EventLogCollector.dll
TpTrace Verbose: 0 : 31328, 1, 2023/10/22, 22:12:45.198, 8941018281898, vstest.console.dll, MetadataReaderExtensionsHelper: Discovering extensions inside assembly 'Microsoft.TestPlatform.Extensions.EventLogCollector, Version=15.0.0.0, Culture=neutral, PublicKeyToken=b03f5f7f11d50a3a' file path 'C:\Program Files\dotnet\sdk\7.0.202\Extensions\Microsoft.TestPlatform.Extensions.EventLogCollector.dll'
TpTrace Information: 0 : 31328, 1, 2023/10/22, 22:12:45.204, 8941018343295, vstest.console.dll, AssemblyResolver.OnResolve: Microsoft.TestPlatform.TestHostRuntimeProvider: Resolving assembly.
TpTrace Information: 0 : 31328, 1, 2023/10/22, 22:12:45.204, 8941018344761, vstest.console.dll, AssemblyResolver.OnResolve: Microsoft.TestPlatform.TestHostRuntimeProvider: Searching in: 'C:\Program Files\dotnet\sdk\7.0.202\Extensions'.
TpTrace Information: 0 : 31328, 1, 2023/10/22, 22:12:45.206, 8941018363152, vstest.console.dll, AssemblyResolver.OnResolve: Microsoft.TestPlatform.TestHostRuntimeProvider: Loading assembly 'C:\Program Files\dotnet\sdk\7.0.202\Extensions\Microsoft.TestPlatform.TestHostRuntimeProvider.dll'.
TpTrace Information: 0 : 31328, 1, 2023/10/22, 22:12:45.208, 8941018381857, vstest.console.dll, AssemblyResolver.OnResolve: Resolved assembly: Microsoft.TestPlatform.TestHostRuntimeProvider, from path: C:\Program Files\dotnet\sdk\7.0.202\Extensions\Microsoft.TestPlatform.TestHostRuntimeProvider.dll
TpTrace Verbose: 0 : 31328, 1, 2023/10/22, 22:12:45.208, 8941018383138, vstest.console.dll, MetadataReaderExtensionsHelper: Discovering extensions inside assembly 'Microsoft.TestPlatform.TestHostRuntimeProvider, Version=15.0.0.0, Culture=neutral, PublicKeyToken=b03f5f7f11d50a3a' file path 'C:\Program Files\dotnet\sdk\7.0.202\Extensions\Microsoft.TestPlatform.TestHostRuntimeProvider.dll'
TpTrace Information: 0 : 31328, 1, 2023/10/22, 22:12:45.212, 8941018421503, vstest.console.dll, GetTestExtensionFromType: Register extension with identifier data 'HostProvider://DefaultTestHost' and type 'Microsoft.VisualStudio.TestPlatform.CrossPlatEngine.Hosting.DefaultTestHostManager, Microsoft.TestPlatform.TestHostRuntimeProvider, Version=15.0.0.0, Culture=neutral, PublicKeyToken=b03f5f7f11d50a3a' inside file 'C:\Program Files\dotnet\sdk\7.0.202\Extensions\Microsoft.TestPlatform.TestHostRuntimeProvider.dll'
TpTrace Information: 0 : 31328, 1, 2023/10/22, 22:12:45.212, 8941018425244, vstest.console.dll, GetTestExtensionFromType: Register extension with identifier data 'HostProvider://DotnetTestHost' and type 'Microsoft.VisualStudio.TestPlatform.CrossPlatEngine.Hosting.DotnetTestHostManager, Microsoft.TestPlatform.TestHostRuntimeProvider, Version=15.0.0.0, Culture=neutral, PublicKeyToken=b03f5f7f11d50a3a' inside file 'C:\Program Files\dotnet\sdk\7.0.202\Extensions\Microsoft.TestPlatform.TestHostRuntimeProvider.dll'
TpTrace Information: 0 : 31328, 1, 2023/10/22, 22:12:45.212, 8941018426442, vstest.console.dll, AssemblyResolver.OnResolve: Microsoft.VisualStudio.TestPlatform.Extensions.Html.TestLogger: Resolving assembly.
TpTrace Information: 0 : 31328, 1, 2023/10/22, 22:12:45.212, 8941018427306, vstest.console.dll, AssemblyResolver.OnResolve: Microsoft.VisualStudio.TestPlatform.Extensions.Html.TestLogger: Searching in: 'C:\Program Files\dotnet\sdk\7.0.202\Extensions'.
TpTrace Information: 0 : 31328, 1, 2023/10/22, 22:12:45.214, 8941018443868, vstest.console.dll, AssemblyResolver.OnResolve: Microsoft.VisualStudio.TestPlatform.Extensions.Html.TestLogger: Loading assembly 'C:\Program Files\dotnet\sdk\7.0.202\Extensions\Microsoft.VisualStudio.TestPlatform.Extensions.Html.TestLogger.dll'.
TpTrace Information: 0 : 31328, 1, 2023/10/22, 22:12:45.215, 8941018457815, vstest.console.dll, AssemblyResolver.OnResolve: Resolved assembly: Microsoft.VisualStudio.TestPlatform.Extensions.Html.TestLogger, from path: C:\Program Files\dotnet\sdk\7.0.202\Extensions\Microsoft.VisualStudio.TestPlatform.Extensions.Html.TestLogger.dll
TpTrace Verbose: 0 : 31328, 1, 2023/10/22, 22:12:45.215, 8941018459368, vstest.console.dll, MetadataReaderExtensionsHelper: Discovering extensions inside assembly 'Microsoft.VisualStudio.TestPlatform.Extensions.Html.TestLogger, Version=15.0.0.0, Culture=neutral, PublicKeyToken=b03f5f7f11d50a3a' file path 'C:\Program Files\dotnet\sdk\7.0.202\Extensions\Microsoft.VisualStudio.TestPlatform.Extensions.Html.TestLogger.dll'
TpTrace Information: 0 : 31328, 1, 2023/10/22, 22:12:45.217, 8941018477860, vstest.console.dll, AssemblyResolver.OnResolve: Microsoft.VisualStudio.TestPlatform.Extensions.Trx.TestLogger: Resolving assembly.
TpTrace Information: 0 : 31328, 1, 2023/10/22, 22:12:45.217, 8941018478832, vstest.console.dll, AssemblyResolver.OnResolve: Microsoft.VisualStudio.TestPlatform.Extensions.Trx.TestLogger: Searching in: 'C:\Program Files\dotnet\sdk\7.0.202\Extensions'.
TpTrace Information: 0 : 31328, 1, 2023/10/22, 22:12:45.220, 8941018502102, vstest.console.dll, AssemblyResolver.OnResolve: Microsoft.VisualStudio.TestPlatform.Extensions.Trx.TestLogger: Loading assembly 'C:\Program Files\dotnet\sdk\7.0.202\Extensions\Microsoft.VisualStudio.TestPlatform.Extensions.Trx.TestLogger.dll'.
TpTrace Information: 0 : 31328, 1, 2023/10/22, 22:12:45.221, 8941018520001, vstest.console.dll, AssemblyResolver.OnResolve: Resolved assembly: Microsoft.VisualStudio.TestPlatform.Extensions.Trx.TestLogger, from path: C:\Program Files\dotnet\sdk\7.0.202\Extensions\Microsoft.VisualStudio.TestPlatform.Extensions.Trx.TestLogger.dll
TpTrace Verbose: 0 : 31328, 1, 2023/10/22, 22:12:45.222, 8941018521225, vstest.console.dll, MetadataReaderExtensionsHelper: Discovering extensions inside assembly 'Microsoft.VisualStudio.TestPlatform.Extensions.Trx.TestLogger, Version=15.0.0.0, Culture=neutral, PublicKeyToken=b03f5f7f11d50a3a' file path 'C:\Program Files\dotnet\sdk\7.0.202\Extensions\Microsoft.VisualStudio.TestPlatform.Extensions.Trx.TestLogger.dll'
TpTrace Verbose: 0 : 31328, 1, 2023/10/22, 22:12:45.225, 8941018551645, vstest.console.dll, TestPluginCache: Discovered the extensions using extension path ''.
TpTrace Verbose: 0 : 31328, 1, 2023/10/22, 22:12:45.225, 8941018552884, vstest.console.dll, TestPluginCache: Discoverers are ''.
TpTrace Verbose: 0 : 31328, 1, 2023/10/22, 22:12:45.225, 8941018553524, vstest.console.dll, TestPluginCache: Executors are ''.
TpTrace Verbose: 0 : 31328, 1, 2023/10/22, 22:12:45.225, 8941018553898, vstest.console.dll, TestPluginCache: Executors2 are ''.
TpTrace Verbose: 0 : 31328, 1, 2023/10/22, 22:12:45.225, 8941018554242, vstest.console.dll, TestPluginCache: Setting providers are ''.
TpTrace Verbose: 0 : 31328, 1, 2023/10/22, 22:12:45.225, 8941018554589, vstest.console.dll, TestPluginCache: Loggers are ''.
TpTrace Verbose: 0 : 31328, 1, 2023/10/22, 22:12:45.225, 8941018556609, vstest.console.dll, TestPluginCache: TestHosts are 'HostProvider://DefaultTestHost,HostProvider://DotnetTestHost'.
TpTrace Verbose: 0 : 31328, 1, 2023/10/22, 22:12:45.225, 8941018557191, vstest.console.dll, TestPluginCache: DataCollectors are ''.
TpTrace Information: 0 : 31328, 1, 2023/10/22, 22:12:45.261, 8941018918479, vstest.console.dll, RunTestsArgumentProcessor:Execute: Test run is starting.
TpTrace Verbose: 0 : 31328, 1, 2023/10/22, 22:12:45.261, 8941018920228, vstest.console.dll, RunTestsArgumentProcessor:Execute: Queuing Test run.
TpTrace Information: 0 : 31328, 1, 2023/10/22, 22:12:45.262, 8941018927180, vstest.console.dll, TestRequestManager.RunTests: run tests started.
TpTrace Information: 0 : 31328, 1, 2023/10/22, 22:12:45.264, 8941018950217, vstest.console.dll, AssemblyMetadataProvider.GetFrameworkName: Determined framework:'.NETCoreApp,Version=v6.0' for source: 'D:\Kanini\Internship\Devops Training\Final Assessment\DemeDotNet\DemoDotNetTest\bin\Debug\net6.0\fine-code-coverage\build-output\DemoDotNetTest.dll'
TpTrace Information: 0 : 31328, 1, 2023/10/22, 22:12:45.265, 8941018953068, vstest.console.dll, Determined framework for all sources: .NETCoreApp,Version=v6.0
TpTrace Verbose: 0 : 31328, 1, 2023/10/22, 22:12:45.265, 8941018959086, vstest.console.dll, TestRequestManager.UpdateRunSettingsIfRequired: Default architecture: X64 IsDefaultTargetArchitecture: True, Current process architecture: X64 OperatingSystem: Windows.
TpTrace Information: 0 : 31328, 1, 2023/10/22, 22:12:45.268, 8941018985288, vstest.console.dll, AssemblyMetadataProvider.GetArchitecture: Determined architecture:AnyCPU info for assembly: D:\Kanini\Internship\Devops Training\Final Assessment\DemeDotNet\DemoDotNetTest\bin\Debug\net6.0\fine-code-coverage\build-output\DemoDotNetTest.dll
TpTrace Information: 0 : 31328, 1, 2023/10/22, 22:12:45.268, 8941018986131, vstest.console.dll, Determined platform for source 'D:\Kanini\Internship\Devops Training\Final Assessment\DemeDotNet\DemoDotNetTest\bin\Debug\net6.0\fine-code-coverage\build-output\DemoDotNetTest.dll' was AnyCPU and it will use the default plaform X64.
TpTrace Information: 0 : 31328, 1, 2023/10/22, 22:12:45.268, 8941018986629, vstest.console.dll, None of the sources provided any runnable platform, using the default platform: X64
TpTrace Information: 0 : 31328, 1, 2023/10/22, 22:12:45.268, 8941018987741, vstest.console.dll, Platform was updated to 'X64'.
TpTrace Information: 0 : 31328, 1, 2023/10/22, 22:12:45.277, 8941019074845, vstest.console.dll, InferRunSettingsHelper.IsTestSettingsEnabled: Unable to navigate to RunSettings/MSTest. Current node: RunSettings
TpTrace Information: 0 : 31328, 1, 2023/10/22, 22:12:45.278, 8941019088741, vstest.console.dll, AssemblyResolver.OnResolve: Microsoft.VisualStudio.TestPlatform.Fakes: Resolving assembly.
TpTrace Information: 0 : 31328, 1, 2023/10/22, 22:12:45.278, 8941019089719, vstest.console.dll, AssemblyResolver.OnResolve: Microsoft.VisualStudio.TestPlatform.Fakes: Searching in: 'C:\Program Files\dotnet\sdk\7.0.202\Extensions'.
TpTrace Information: 0 : 31328, 1, 2023/10/22, 22:12:45.279, 8941019090834, vstest.console.dll, AssemblyResolver.OnResolve: Microsoft.VisualStudio.TestPlatform.Fakes: Assembly path does not exist: 'C:\Program Files\dotnet\sdk\7.0.202\Extensions\Microsoft.VisualStudio.TestPlatform.Fakes.dll', returning.
TpTrace Information: 0 : 31328, 1, 2023/10/22, 22:12:45.279, 8941019091632, vstest.console.dll, AssemblyResolver.OnResolve: Microsoft.VisualStudio.TestPlatform.Fakes: Assembly path does not exist: 'C:\Program Files\dotnet\sdk\7.0.202\Extensions\Microsoft.VisualStudio.TestPlatform.Fakes.exe', returning.
TpTrace Information: 0 : 31328, 1, 2023/10/22, 22:12:45.279, 8941019092090, vstest.console.dll, AssemblyResolver.OnResolve: Microsoft.VisualStudio.TestPlatform.Fakes: Searching in: 'C:\Program Files\dotnet\sdk\7.0.202'.
TpTrace Information: 0 : 31328, 1, 2023/10/22, 22:12:45.279, 8941019092819, vstest.console.dll, AssemblyResolver.OnResolve: Microsoft.VisualStudio.TestPlatform.Fakes: Assembly path does not exist: 'C:\Program Files\dotnet\sdk\7.0.202\Microsoft.VisualStudio.TestPlatform.Fakes.dll', returning.
TpTrace Information: 0 : 31328, 1, 2023/10/22, 22:12:45.279, 8941019093518, vstest.console.dll, AssemblyResolver.OnResolve: Microsoft.VisualStudio.TestPlatform.Fakes: Assembly path does not exist: 'C:\Program Files\dotnet\sdk\7.0.202\Microsoft.VisualStudio.TestPlatform.Fakes.exe', returning.
TpTrace Information: 0 : 31328, 1, 2023/10/22, 22:12:45.279, 8941019093895, vstest.console.dll, AssemblyResolver.OnResolve: Microsoft.VisualStudio.TestPlatform.Fakes: Failed to load assembly.
TpTrace Information: 0 : 31328, 1, 2023/10/22, 22:12:45.279, 8941019099069, vstest.console.dll, Failed to load assembly Microsoft.VisualStudio.TestPlatform.Fakes, Version=17.0.0.0, Culture=neutral. Reason:System.IO.FileNotFoundException: Could not load file or assembly 'Microsoft.VisualStudio.TestPlatform.Fakes, Version=17.0.0.0, Culture=neutral, PublicKeyToken=null'. The system cannot find the file specified.
File name: 'Microsoft.VisualStudio.TestPlatform.Fakes, Version=17.0.0.0, Culture=neutral, PublicKeyToken=null'
   at System.Reflection.RuntimeAssembly.InternalLoad(AssemblyName assemblyName, StackCrawlMark& stackMark, AssemblyLoadContext assemblyLoadContext, RuntimeAssembly requestingAssembly, Boolean throwOnFileNotFound)
   at System.Reflection.Assembly.Load(AssemblyName assemblyRef)
   at Microsoft.VisualStudio.TestPlatform.Common.Utilities.FakesUtilities.LoadTestPlatformAssembly()
TpTrace Verbose: 0 : 31328, 1, 2023/10/22, 22:12:45.286, 8941019160551, vstest.console.dll, TestPluginCache.DiscoverTestExtensions: finding test extensions in assemblies ends with: TestLogger.dll TPluginInfo: Microsoft.VisualStudio.TestPlatform.Common.ExtensionFramework.Utilities.TestLoggerPluginInformation TExtension: Microsoft.VisualStudio.TestPlatform.ObjectModel.Client.ITestLogger
TpTrace Verbose: 0 : 31328, 1, 2023/10/22, 22:12:45.286, 8941019161771, vstest.console.dll, TestPluginCache.GetExtensionPaths: Filtered extension paths: 
TpTrace Verbose: 0 : 31328, 1, 2023/10/22, 22:12:45.286, 8941019162286, vstest.console.dll, TestPluginCache.GetExtensionPaths: Added default extension paths: C:\Program Files\dotnet\sdk\7.0.202\Extensions\Microsoft.Diagnostics.NETCore.Client.dll
C:\Program Files\dotnet\sdk\7.0.202\Extensions\Microsoft.TestPlatform.Extensions.BlameDataCollector.dll
C:\Program Files\dotnet\sdk\7.0.202\Extensions\Microsoft.TestPlatform.Extensions.EventLogCollector.dll
C:\Program Files\dotnet\sdk\7.0.202\Extensions\Microsoft.TestPlatform.TestHostRuntimeProvider.dll
C:\Program Files\dotnet\sdk\7.0.202\Extensions\Microsoft.VisualStudio.TestPlatform.Extensions.Html.TestLogger.dll
C:\Program Files\dotnet\sdk\7.0.202\Extensions\Microsoft.VisualStudio.TestPlatform.Extensions.Trx.TestLogger.dll
TpTrace Verbose: 0 : 31328, 1, 2023/10/22, 22:12:45.286, 8941019162781, vstest.console.dll, TestPluginCache.GetExtensionPaths: Added unfilterableExtensionPaths: 
TpTrace Information: 0 : 31328, 1, 2023/10/22, 22:12:45.286, 8941019164247, vstest.console.dll, AssemblyResolver.AddSearchDirectories: Adding more searchDirectories C:\Program Files\dotnet\sdk\7.0.202\Extensions,C:\Program Files\dotnet\sdk\7.0.202
TpTrace Verbose: 0 : 31328, 1, 2023/10/22, 22:12:45.286, 8941019164939, vstest.console.dll, TestPluginCache.DiscoverTestExtensions: Discovering the extensions using extension path.
TpTrace Verbose: 0 : 31328, 1, 2023/10/22, 22:12:45.286, 8941019165390, vstest.console.dll, TestPluginCache.GetExtensionPaths: Filtered extension paths: 
TpTrace Verbose: 0 : 31328, 1, 2023/10/22, 22:12:45.286, 8941019165744, vstest.console.dll, TestPluginCache.GetExtensionPaths: Added default extension paths: C:\Program Files\dotnet\sdk\7.0.202\Extensions\Microsoft.Diagnostics.NETCore.Client.dll
C:\Program Files\dotnet\sdk\7.0.202\Extensions\Microsoft.TestPlatform.Extensions.BlameDataCollector.dll
C:\Program Files\dotnet\sdk\7.0.202\Extensions\Microsoft.TestPlatform.Extensions.EventLogCollector.dll
C:\Program Files\dotnet\sdk\7.0.202\Extensions\Microsoft.TestPlatform.TestHostRuntimeProvider.dll
C:\Program Files\dotnet\sdk\7.0.202\Extensions\Microsoft.VisualStudio.TestPlatform.Extensions.Html.TestLogger.dll
C:\Program Files\dotnet\sdk\7.0.202\Extensions\Microsoft.VisualStudio.TestPlatform.Extensions.Trx.TestLogger.dll
TpTrace Verbose: 0 : 31328, 1, 2023/10/22, 22:12:45.286, 8941019166158, vstest.console.dll, TestPluginCache.GetExtensionPaths: Added unfilterableExtensionPaths: 
TpTrace Verbose: 0 : 31328, 1, 2023/10/22, 22:12:45.286, 8941019166508, vstest.console.dll, TestPluginCache.DiscoverTestExtensions: Discovering the extensions using allExtensionPaths: C:\Program Files\dotnet\sdk\7.0.202\Extensions\Microsoft.Diagnostics.NETCore.Client.dll
C:\Program Files\dotnet\sdk\7.0.202\Extensions\Microsoft.TestPlatform.Extensions.BlameDataCollector.dll
C:\Program Files\dotnet\sdk\7.0.202\Extensions\Microsoft.TestPlatform.Extensions.EventLogCollector.dll
C:\Program Files\dotnet\sdk\7.0.202\Extensions\Microsoft.TestPlatform.TestHostRuntimeProvider.dll
C:\Program Files\dotnet\sdk\7.0.202\Extensions\Microsoft.VisualStudio.TestPlatform.Extensions.Html.TestLogger.dll
C:\Program Files\dotnet\sdk\7.0.202\Extensions\Microsoft.VisualStudio.TestPlatform.Extensions.Trx.TestLogger.dll
TpTrace Information: 0 : 31328, 1, 2023/10/22, 22:12:45.286, 8941019167740, vstest.console.dll, AssemblyResolver.AddSearchDirectories: Adding more searchDirectories C:\Program Files\dotnet\sdk\7.0.202\Extensions,C:\Program Files\dotnet\sdk\7.0.202
TpTrace Information: 0 : 31328, 1, 2023/10/22, 22:12:45.286, 8941019168514, vstest.console.dll, AssemblyResolver.AddSearchDirectories: Adding more searchDirectories C:\Program Files\dotnet\sdk\7.0.202\Extensions,C:\Program Files\dotnet\sdk\7.0.202
TpTrace Information: 0 : 31328, 1, 2023/10/22, 22:12:45.286, 8941019168932, vstest.console.dll, AssemblyResolver.AddSearchDirectories: Adding more searchDirectories C:\Program Files\dotnet\sdk\7.0.202\Extensions,C:\Program Files\dotnet\sdk\7.0.202
TpTrace Information: 0 : 31328, 1, 2023/10/22, 22:12:45.286, 8941019169483, vstest.console.dll, AssemblyResolver.AddSearchDirectories: Adding more searchDirectories C:\Program Files\dotnet\sdk\7.0.202\Extensions,C:\Program Files\dotnet\sdk\7.0.202
TpTrace Information: 0 : 31328, 1, 2023/10/22, 22:12:45.286, 8941019169887, vstest.console.dll, AssemblyResolver.AddSearchDirectories: Adding more searchDirectories C:\Program Files\dotnet\sdk\7.0.202\Extensions,C:\Program Files\dotnet\sdk\7.0.202
TpTrace Information: 0 : 31328, 1, 2023/10/22, 22:12:45.286, 8941019170221, vstest.console.dll, AssemblyResolver.AddSearchDirectories: Adding more searchDirectories C:\Program Files\dotnet\sdk\7.0.202\Extensions,C:\Program Files\dotnet\sdk\7.0.202
TpTrace Verbose: 0 : 31328, 1, 2023/10/22, 22:12:45.287, 8941019171705, vstest.console.dll, MetadataReaderExtensionsHelper: Discovering extensions inside assembly 'Microsoft.Diagnostics.NETCore.Client, Version=0.2.6.42401, Culture=neutral, PublicKeyToken=31bf3856ad364e35' file path 'C:\Program Files\dotnet\sdk\7.0.202\Extensions\Microsoft.Diagnostics.NETCore.Client.dll'
TpTrace Information: 0 : 31328, 1, 2023/10/22, 22:12:45.288, 8941019189633, vstest.console.dll, AssemblyResolver.OnResolve: Microsoft.Bcl.AsyncInterfaces: Resolving assembly.
TpTrace Information: 0 : 31328, 1, 2023/10/22, 22:12:45.289, 8941019190710, vstest.console.dll, AssemblyResolver.OnResolve: Microsoft.Bcl.AsyncInterfaces: Resolved from cache.
TpTrace Verbose: 0 : 31328, 1, 2023/10/22, 22:12:45.289, 8941019191222, vstest.console.dll, CurrentDomainAssemblyResolve: Resolving assembly 'Microsoft.Bcl.AsyncInterfaces'.
TpTrace Information: 0 : 31328, 1, 2023/10/22, 22:12:45.289, 8941019191909, vstest.console.dll, AssemblyResolver.OnResolve: Microsoft.Bcl.AsyncInterfaces: Resolving assembly.
TpTrace Information: 0 : 31328, 1, 2023/10/22, 22:12:45.289, 8941019192453, vstest.console.dll, AssemblyResolver.OnResolve: Microsoft.Bcl.AsyncInterfaces: Resolved from cache.
TpTrace Verbose: 0 : 31328, 1, 2023/10/22, 22:12:45.289, 8941019192837, vstest.console.dll, CurrentDomainAssemblyResolve: Resolving assembly 'Microsoft.Bcl.AsyncInterfaces'.
TpTrace Verbose: 0 : 31328, 1, 2023/10/22, 22:12:45.289, 8941019193215, vstest.console.dll, CurrentDomainAssemblyResolve: Failed to resolve assembly 'Microsoft.Bcl.AsyncInterfaces'.
TpTrace Verbose: 0 : 31328, 1, 2023/10/22, 22:12:45.289, 8941019195625, vstest.console.dll, CurrentDomainAssemblyResolve: Failed to resolve assembly 'Microsoft.Bcl.AsyncInterfaces'.
TpTrace Warning: 0 : 31328, 1, 2023/10/22, 22:12:45.290, 8941019200603, vstest.console.dll, TestPluginDiscoverer: Failed to get types from assembly 'Microsoft.Diagnostics.NETCore.Client, Version=0.2.6.42401, Culture=neutral, PublicKeyToken=31bf3856ad364e35'. Error: System.Reflection.ReflectionTypeLoadException: Unable to load one or more of the requested types.
Could not load file or assembly 'Microsoft.Bcl.AsyncInterfaces, Version=1.0.0.0, Culture=neutral, PublicKeyToken=cc7b13ffcd2ddd51'. The system cannot find the file specified.
   at System.Reflection.RuntimeModule.GetTypes(RuntimeModule module)
   at System.Reflection.Assembly.GetTypes()
   at Microsoft.VisualStudio.TestPlatform.Common.ExtensionFramework.TestPluginDiscoverer.GetTestExtensionsFromAssembly[TPluginInfo,TExtension](Assembly assembly, Dictionary`2 pluginInfos, String filePath)
System.IO.FileNotFoundException: Could not load file or assembly 'Microsoft.Bcl.AsyncInterfaces, Version=1.0.0.0, Culture=neutral, PublicKeyToken=cc7b13ffcd2ddd51'. The system cannot find the file specified.
File name: 'Microsoft.Bcl.AsyncInterfaces, Version=1.0.0.0, Culture=neutral, PublicKeyToken=cc7b13ffcd2ddd51'
 ---> System.IO.FileNotFoundException: Could not load file or assembly 'Microsoft.Bcl.AsyncInterfaces, Culture=neutral, PublicKeyToken=null'. The system cannot find the file specified.
File name: 'Microsoft.Bcl.AsyncInterfaces, Culture=neutral, PublicKeyToken=null'
   at System.Reflection.RuntimeAssembly.InternalLoad(AssemblyName assemblyName, StackCrawlMark& stackMark, AssemblyLoadContext assemblyLoadContext, RuntimeAssembly requestingAssembly, Boolean throwOnFileNotFound)
   at System.Reflection.Assembly.Load(AssemblyName assemblyRef)
   at Microsoft.VisualStudio.TestPlatform.Common.ExtensionFramework.TestPluginCache.CurrentDomainAssemblyResolve(Object sender, AssemblyResolveEventArgs args)
   at System.Runtime.Loader.AssemblyLoadContext.GetFirstResolvedAssemblyFromResolvingEvent(AssemblyName assemblyName)
   at System.Runtime.Loader.AssemblyLoadContext.ResolveUsingEvent(AssemblyName assemblyName)
   at System.Runtime.Loader.AssemblyLoadContext.ResolveUsingResolvingEvent(IntPtr gchManagedAssemblyLoadContext, AssemblyName assemblyName)
TpTrace Warning: 0 : 31328, 1, 2023/10/22, 22:12:45.290, 8941019202762, vstest.console.dll, LoaderExceptions: System.IO.FileNotFoundException: Could not load file or assembly 'Microsoft.Bcl.AsyncInterfaces, Version=1.0.0.0, Culture=neutral, PublicKeyToken=cc7b13ffcd2ddd51'. The system cannot find the file specified.
File name: 'Microsoft.Bcl.AsyncInterfaces, Version=1.0.0.0, Culture=neutral, PublicKeyToken=cc7b13ffcd2ddd51'
 ---> System.IO.FileNotFoundException: Could not load file or assembly 'Microsoft.Bcl.AsyncInterfaces, Culture=neutral, PublicKeyToken=null'. The system cannot find the file specified.
File name: 'Microsoft.Bcl.AsyncInterfaces, Culture=neutral, PublicKeyToken=null'
   at System.Reflection.RuntimeAssembly.InternalLoad(AssemblyName assemblyName, StackCrawlMark& stackMark, AssemblyLoadContext assemblyLoadContext, RuntimeAssembly requestingAssembly, Boolean throwOnFileNotFound)
   at System.Reflection.Assembly.Load(AssemblyName assemblyRef)
   at Microsoft.VisualStudio.TestPlatform.Common.ExtensionFramework.TestPluginCache.CurrentDomainAssemblyResolve(Object sender, AssemblyResolveEventArgs args)
   at System.Runtime.Loader.AssemblyLoadContext.GetFirstResolvedAssemblyFromResolvingEvent(AssemblyName assemblyName)
   at System.Runtime.Loader.AssemblyLoadContext.ResolveUsingEvent(AssemblyName assemblyName)
   at System.Runtime.Loader.AssemblyLoadContext.ResolveUsingResolvingEvent(IntPtr gchManagedAssemblyLoadContext, AssemblyName assemblyName)
TpTrace Verbose: 0 : 31328, 1, 2023/10/22, 22:12:45.290, 8941019203837, vstest.console.dll, MetadataReaderExtensionsHelper: Discovering extensions inside assembly 'Microsoft.TestPlatform.Extensions.BlameDataCollector, Version=15.0.0.0, Culture=neutral, PublicKeyToken=b03f5f7f11d50a3a' file path 'C:\Program Files\dotnet\sdk\7.0.202\Extensions\Microsoft.TestPlatform.Extensions.BlameDataCollector.dll'
TpTrace Information: 0 : 31328, 1, 2023/10/22, 22:12:45.291, 8941019216956, vstest.console.dll, GetTestExtensionFromType: Register extension with identifier data 'logger://Microsoft/TestPlatform/Extensions/Blame/v1' and type 'Microsoft.TestPlatform.Extensions.BlameDataCollector.BlameLogger, Microsoft.TestPlatform.Extensions.BlameDataCollector, Version=15.0.0.0, Culture=neutral, PublicKeyToken=b03f5f7f11d50a3a' inside file 'C:\Program Files\dotnet\sdk\7.0.202\Extensions\Microsoft.TestPlatform.Extensions.BlameDataCollector.dll'
TpTrace Verbose: 0 : 31328, 1, 2023/10/22, 22:12:45.291, 8941019218251, vstest.console.dll, MetadataReaderExtensionsHelper: Discovering extensions inside assembly 'Microsoft.TestPlatform.Extensions.EventLogCollector, Version=15.0.0.0, Culture=neutral, PublicKeyToken=b03f5f7f11d50a3a' file path 'C:\Program Files\dotnet\sdk\7.0.202\Extensions\Microsoft.TestPlatform.Extensions.EventLogCollector.dll'
TpTrace Verbose: 0 : 31328, 1, 2023/10/22, 22:12:45.292, 8941019229301, vstest.console.dll, MetadataReaderExtensionsHelper: Discovering extensions inside assembly 'Microsoft.TestPlatform.TestHostRuntimeProvider, Version=15.0.0.0, Culture=neutral, PublicKeyToken=b03f5f7f11d50a3a' file path 'C:\Program Files\dotnet\sdk\7.0.202\Extensions\Microsoft.TestPlatform.TestHostRuntimeProvider.dll'
TpTrace Verbose: 0 : 31328, 1, 2023/10/22, 22:12:45.293, 8941019238328, vstest.console.dll, MetadataReaderExtensionsHelper: Discovering extensions inside assembly 'Microsoft.VisualStudio.TestPlatform.Extensions.Html.TestLogger, Version=15.0.0.0, Culture=neutral, PublicKeyToken=b03f5f7f11d50a3a' file path 'C:\Program Files\dotnet\sdk\7.0.202\Extensions\Microsoft.VisualStudio.TestPlatform.Extensions.Html.TestLogger.dll'
TpTrace Information: 0 : 31328, 1, 2023/10/22, 22:12:45.295, 8941019252002, vstest.console.dll, GetTestExtensionFromType: Register extension with identifier data 'logger://Microsoft/TestPlatform/HtmlLogger/v1' and type 'Microsoft.VisualStudio.TestPlatform.Extensions.HtmlLogger.HtmlLogger, Microsoft.VisualStudio.TestPlatform.Extensions.Html.TestLogger, Version=15.0.0.0, Culture=neutral, PublicKeyToken=b03f5f7f11d50a3a' inside file 'C:\Program Files\dotnet\sdk\7.0.202\Extensions\Microsoft.VisualStudio.TestPlatform.Extensions.Html.TestLogger.dll'
TpTrace Verbose: 0 : 31328, 1, 2023/10/22, 22:12:45.295, 8941019253253, vstest.console.dll, MetadataReaderExtensionsHelper: Discovering extensions inside assembly 'Microsoft.VisualStudio.TestPlatform.Extensions.Trx.TestLogger, Version=15.0.0.0, Culture=neutral, PublicKeyToken=b03f5f7f11d50a3a' file path 'C:\Program Files\dotnet\sdk\7.0.202\Extensions\Microsoft.VisualStudio.TestPlatform.Extensions.Trx.TestLogger.dll'
TpTrace Information: 0 : 31328, 1, 2023/10/22, 22:12:45.296, 8941019262126, vstest.console.dll, GetTestExtensionFromType: Register extension with identifier data 'logger://Microsoft/TestPlatform/TrxLogger/v1' and type 'Microsoft.VisualStudio.TestPlatform.Extensions.TrxLogger.TrxLogger, Microsoft.VisualStudio.TestPlatform.Extensions.Trx.TestLogger, Version=15.0.0.0, Culture=neutral, PublicKeyToken=b03f5f7f11d50a3a' inside file 'C:\Program Files\dotnet\sdk\7.0.202\Extensions\Microsoft.VisualStudio.TestPlatform.Extensions.Trx.TestLogger.dll'
TpTrace Verbose: 0 : 31328, 1, 2023/10/22, 22:12:45.296, 8941019264597, vstest.console.dll, TestPluginCache: Discovered the extensions using extension path ''.
TpTrace Verbose: 0 : 31328, 1, 2023/10/22, 22:12:45.296, 8941019265999, vstest.console.dll, TestPluginCache: Discoverers are ''.
TpTrace Verbose: 0 : 31328, 1, 2023/10/22, 22:12:45.296, 8941019266572, vstest.console.dll, TestPluginCache: Executors are ''.
TpTrace Verbose: 0 : 31328, 1, 2023/10/22, 22:12:45.296, 8941019267069, vstest.console.dll, TestPluginCache: Executors2 are ''.
TpTrace Verbose: 0 : 31328, 1, 2023/10/22, 22:12:45.296, 8941019267578, vstest.console.dll, TestPluginCache: Setting providers are ''.
TpTrace Verbose: 0 : 31328, 1, 2023/10/22, 22:12:45.296, 8941019268851, vstest.console.dll, TestPluginCache: Loggers are 'logger://Microsoft/TestPlatform/Extensions/Blame/v1,logger://Microsoft/TestPlatform/HtmlLogger/v1,logger://Microsoft/TestPlatform/TrxLogger/v1'.
TpTrace Verbose: 0 : 31328, 1, 2023/10/22, 22:12:45.296, 8941019270001, vstest.console.dll, TestPluginCache: TestHosts are 'HostProvider://DefaultTestHost,HostProvider://DotnetTestHost'.
TpTrace Verbose: 0 : 31328, 1, 2023/10/22, 22:12:45.297, 8941019270854, vstest.console.dll, TestPluginCache: DataCollectors are ''.
TpTrace Information: 0 : 31328, 1, 2023/10/22, 22:12:45.298, 8941019289963, vstest.console.dll, TestPluginManager.CreateTestExtension: Attempting to load test extension: Microsoft.TestPlatform.Extensions.BlameDataCollector.BlameLogger
TpTrace Verbose: 0 : 31328, 1, 2023/10/22, 22:12:45.316, 8941019462393, vstest.console.dll, TestEngine: Initializing Parallel Execution as MaxCpuCount is set to: 1
TpTrace Information: 0 : 31328, 1, 2023/10/22, 22:12:45.319, 8941019491167, vstest.console.dll, TestPluginManager.CreateTestExtension: Attempting to load test extension: Microsoft.VisualStudio.TestPlatform.CrossPlatEngine.Hosting.DefaultTestHostManager
TpTrace Information: 0 : 31328, 1, 2023/10/22, 22:12:45.320, 8941019509721, vstest.console.dll, TestPluginManager.CreateTestExtension: Attempting to load test extension: Microsoft.VisualStudio.TestPlatform.CrossPlatEngine.Hosting.DotnetTestHostManager
TpTrace Information: 0 : 31328, 1, 2023/10/22, 22:12:45.321, 8941019519885, vstest.console.dll, InferRunSettingsHelper.IsTestSettingsEnabled: Unable to navigate to RunSettings/MSTest. Current node: RunSettings
TpTrace Verbose: 0 : 31328, 1, 2023/10/22, 22:12:45.331, 8941019610952, vstest.console.dll, TestEngine.GetExecutionManager: Chosen execution manager 'Microsoft.VisualStudio.TestPlatform.CrossPlatEngine.Client.Parallel.ParallelProxyExecutionManager, Microsoft.TestPlatform.CrossPlatEngine, Version=15.0.0.0, Culture=neutral, PublicKeyToken=b03f5f7f11d50a3a' ParallelLevel '1'.
TpTrace Verbose: 0 : 31328, 1, 2023/10/22, 22:12:45.331, 8941019614339, vstest.console.dll, TestRunRequest.ExecuteAsync: Creating test run request.
TpTrace Verbose: 0 : 31328, 1, 2023/10/22, 22:12:45.331, 8941019619733, vstest.console.dll, TestRunRequest.ExecuteAsync: Starting.
TpTrace Information: 0 : 31328, 1, 2023/10/22, 22:12:45.332, 8941019625799, vstest.console.dll, TestRunRequest.ExecuteAsync: Starting run with settings:TestRunCriteria:
   KeepAlive=False,FrequencyOfRunStatsChangeEvent=10,RunStatsChangeEventTimeout=00:00:01.5000000,TestCaseFilter=,TestExecutorLauncher=
   Settingsxml=<RunSettings>
  <RunConfiguration>
    <ResultsDirectory>D:\Kanini\Internship\Devops Training\Final Assessment\DemeDotNet\DemoDotNetTest\bin\Debug\net6.0\fine-code-coverage\coverage-tool-output</ResultsDirectory>
    <TargetPlatform>X64</TargetPlatform>
    <TargetFrameworkVersion>.NETCoreApp,Version=v6.0</TargetFrameworkVersion>
    <DesignMode>False</DesignMode>
    <CollectSourceInformation>False</CollectSourceInformation>
  </RunConfiguration>
  <LoggerRunSettings>
    <Loggers>
      <Logger friendlyName="blame" enabled="True" />
      <Logger friendlyName="Console" uri="logger://microsoft/TestPlatform/ConsoleLogger/v1" assemblyQualifiedName="Microsoft.VisualStudio.TestPlatform.CommandLine.Internal.ConsoleLogger, vstest.console, Version=15.0.0.0, Culture=neutral, PublicKeyToken=b03f5f7f11d50a3a" codeBase="C:\Program Files\dotnet\sdk\7.0.202\vstest.console.dll" enabled="True" />
    </Loggers>
  </LoggerRunSettings>
  <DataCollectionRunSettings>
    <DataCollectors>
      <DataCollector friendlyName="blame" enabled="True">
        <Configuration>
          <ResultsDirectory>D:\Kanini\Internship\Devops Training\Final Assessment\DemeDotNet\DemoDotNetTest\bin\Debug\net6.0\fine-code-coverage\coverage-tool-output</ResultsDirectory>
        </Configuration>
      </DataCollector>
    </DataCollectors>
  </DataCollectionRunSettings>
</RunSettings>

TpTrace Verbose: 0 : 31328, 1, 2023/10/22, 22:12:45.332, 8941019627060, vstest.console.dll, TestRunRequest.ExecuteAsync: Wait for the first run request is over.
TpTrace Verbose: 0 : 31328, 1, 2023/10/22, 22:12:45.333, 8941019632551, vstest.console.dll, MulticastDelegateUtilities.SafeInvoke: TestRun.TestRunStart: Invoking callbacks was skipped because there are no subscribers.
TpTrace Verbose: 0 : 31328, 4, 2023/10/22, 22:12:45.333, 8941019637892, vstest.console.dll, MulticastDelegateUtilities.SafeInvoke: InternalTestLoggerEvents.SendTestRunStart: Invoking callback 1/1 for Microsoft.VisualStudio.TestPlatform.CommandLine.Internal.ConsoleLogger., took 0 ms.
TpTrace Verbose: 0 : 31328, 1, 2023/10/22, 22:12:45.335, 8941019658160, vstest.console.dll, ParallelProxyExecutionManager: Start execution. Total sources: 1
TpTrace Verbose: 0 : 31328, 1, 2023/10/22, 22:12:45.339, 8941019695953, vstest.console.dll, TestRequestSender is acting as server.
TpTrace Verbose: 0 : 31328, 1, 2023/10/22, 22:12:45.342, 8941019725767, vstest.console.dll, DataCollectionRequestSender.InitializeCommunication : Initialize communication. 
TpTrace Information: 0 : 31328, 1, 2023/10/22, 22:12:45.351, 8941019813779, vstest.console.dll, Listening on Endpoint : 127.0.0.1:52853
TpTrace Verbose: 0 : 31328, 1, 2023/10/22, 22:12:45.364, 8941019941411, vstest.console.dll, DotnetDataCollectionLauncher: Adding  --runtimeconfig "C:\Program Files\dotnet\sdk\7.0.202\datacollector.runtimeconfig.json" in args
TpTrace Verbose: 0 : 31328, 1, 2023/10/22, 22:12:45.364, 8941019947002, vstest.console.dll, DotnetDataCollectionLauncher: Adding  --depsfile "C:\Program Files\dotnet\sdk\7.0.202\datacollector.deps.json" in args
TpTrace Verbose: 0 : 31328, 1, 2023/10/22, 22:12:45.365, 8941019951954, vstest.console.dll, DotnetDataCollectionLauncher: Full path of dotnet.exe is C:\Program Files\dotnet\dotnet.exe
TpTrace Information: 0 : 31328, 1, 2023/10/22, 22:12:45.377, 8941020072089, vstest.console.dll, ProxyDataCollectionManager.Initialize: Launched datacollector processId: 28660 port: 52853
TpTrace Information: 0 : 31328, 1, 2023/10/22, 22:12:45.377, 8941020074521, vstest.console.dll, ProxyDataCollectionManager.Initialize: waiting for connection with timeout: 90 seconds
TpTrace Verbose: 0 : 31328, 1, 2023/10/22, 22:12:45.377, 8941020075603, vstest.console.dll, DataCollectionRequestSender.WaitForRequestHandlerConnection : Waiting for connection with timeout: 90000
TpTrace Information: 0 : 31328, 7, 2023/10/22, 22:12:45.709, 8941023391454, vstest.console.dll, Using the buffer size of 16384 bytes
TpTrace Verbose: 0 : 31328, 1, 2023/10/22, 22:12:45.709, 8941023391900, vstest.console.dll, SocketCommunicationManager.WaitForClientConnection took: 331 ms, with 90000 ms timeout, and finished with True.
TpTrace Information: 0 : 31328, 7, 2023/10/22, 22:12:45.709, 8941023393344, vstest.console.dll, Accepted Client request and set the flag
TpTrace Verbose: 0 : 31328, 1, 2023/10/22, 22:12:45.709, 8941023395183, vstest.console.dll, ProxyDataCollectionManager.InvokeDataCollectionServiceAction: Starting.
TpTrace Information: 0 : 31328, 1, 2023/10/22, 22:12:45.709, 8941023396253, vstest.console.dll, ProxyDataCollectionManager.BeforeTestRunStart: Get environment variable and port for datacollector processId: 28660 port: 52853
TpTrace Verbose: 0 : 31328, 1, 2023/10/22, 22:12:45.709, 8941023398027, vstest.console.dll, DataCollectionRequestSender.SendBeforeTestRunStartAndGetResult: Send BeforeTestRunStart message with settingsXml <RunSettings><RunConfiguration><ResultsDirectory>D:\Kanini\Internship\Devops Training\Final Assessment\DemeDotNet\DemoDotNetTest\bin\Debug\net6.0\fine-code-coverage\coverage-tool-output</ResultsDirectory><TargetPlatform>X64</TargetPlatform><TargetFrameworkVersion>.NETCoreApp,Version=v6.0</TargetFrameworkVersion><DesignMode>False</DesignMode><CollectSourceInformation>False</CollectSourceInformation><TestAdaptersPaths>C:\Program Files\dotnet\sdk\7.0.202\Extensions</TestAdaptersPaths></RunConfiguration><LoggerRunSettings><Loggers><Logger friendlyName="blame" enabled="True" /><Logger friendlyName="Console" uri="logger://microsoft/TestPlatform/ConsoleLogger/v1" assemblyQualifiedName="Microsoft.VisualStudio.TestPlatform.CommandLine.Internal.ConsoleLogger, vstest.console, Version=15.0.0.0, Culture=neutral, PublicKeyToken=b03f5f7f11d50a3a" codeBase="C:\Program Files\dotnet\sdk\7.0.202\vstest.console.dll" enabled="True" /></Loggers></LoggerRunSettings><DataCollectionRunSettings><DataCollectors><DataCollector friendlyName="blame" enabled="True"><Configuration><ResultsDirectory>D:\Kanini\Internship\Devops Training\Final Assessment\DemeDotNet\DemoDotNetTest\bin\Debug\net6.0\fine-code-coverage\coverage-tool-output</ResultsDirectory></Configuration></DataCollector></DataCollectors></DataCollectionRunSettings></RunSettings> and sources System.Collections.Generic.List`1[System.String]: 
TpTrace Verbose: 0 : 31328, 1, 2023/10/22, 22:12:45.853, 8941024830895, vstest.console.dll, DataCollectionRequestSender.SendBeforeTestRunStartAndGetResult: Received message: (DataCollection.SendMessage) -> {"MessageType":"DataCollection.SendMessage","Payload":{"FriendlyName":null,"Uri":null,"TestCaseId":"00000000-0000-0000-0000-000000000000","Message":"Logging DataCollector Diagnostics in file: D:\\Kanini\\Internship\\Devops Training\\Final Assessment\\DemeDotNet\\DemoDotNetTest\\bin\\Debug\\net6.0\\fine-code-coverage\\coverage-tool-output\\diagnostics.datacollector.23-10-22_22-12-45_36322_1.log","Level":0}}
TpTrace Verbose: 0 : 31328, 1, 2023/10/22, 22:12:45.994, 8941026240778, vstest.console.dll, DataCollectionRequestSender.SendBeforeTestRunStartAndGetResult: Received message: (DataCollection.BeforeTestRunStartResult) -> {"MessageType":"DataCollection.BeforeTestRunStartResult","Payload":{"EnvironmentVariables":{},"DataCollectionEventsPort":52855}}
TpTrace Information: 0 : 31328, 1, 2023/10/22, 22:12:46.003, 8941026336528, vstest.console.dll, ProxyDataCollectionManager.BeforeTestRunStart: SendBeforeTestRunStartAndGetResult successful, env variable from datacollector:   and testhost port: 52855
TpTrace Information: 0 : 31328, 1, 2023/10/22, 22:12:46.003, 8941026338246, vstest.console.dll, ProxyDataCollectionManager.InvokeDataCollectionServiceAction: Completed.
TpTrace Verbose: 0 : 31328, 7, 2023/10/22, 22:12:46.003, 8941026340032, vstest.console.dll, ParallelProxyExecutionManager: Execution started. Started clients: 1
TpTrace Verbose: 0 : 31328, 1, 2023/10/22, 22:12:46.004, 8941026340322, vstest.console.dll, ProxyParallelExecutionManager: No sources available for execution.
TpTrace Information: 0 : 31328, 1, 2023/10/22, 22:12:46.004, 8941026342643, vstest.console.dll, TestRunRequest.ExecuteAsync: Started.
TpTrace Verbose: 0 : 31328, 1, 2023/10/22, 22:12:46.004, 8941026343786, vstest.console.dll, TestRunRequest.WaitForCompletion: Waiting with timeout -1.
TpTrace Verbose: 0 : 31328, 7, 2023/10/22, 22:12:46.004, 8941026344548, vstest.console.dll, TestRunRequest:SendTestRunMessage: Starting.
TpTrace Verbose: 0 : 31328, 7, 2023/10/22, 22:12:46.004, 8941026347578, vstest.console.dll, MulticastDelegateUtilities.SafeInvoke: TestRun.LogMessages: Invoking callback 1/1 for Microsoft.VisualStudio.TestPlatform.CommandLine.TestRunResultAggregator., took 0 ms.
TpTrace Information: 0 : 31328, 7, 2023/10/22, 22:12:46.004, 8941026348380, vstest.console.dll, TestRunRequest:SendTestRunMessage: Completed.
TpTrace Verbose: 0 : 31328, 4, 2023/10/22, 22:12:46.005, 8941026350574, vstest.console.dll, MulticastDelegateUtilities.SafeInvoke: InternalTestLoggerEvents.SendTestRunMessage: Invoking callback 1/1 for Microsoft.VisualStudio.TestPlatform.CommandLine.Internal.ConsoleLogger., took 0 ms.
TpTrace Verbose: 0 : 31328, 7, 2023/10/22, 22:12:46.005, 8941026350807, vstest.console.dll, ProxyExecutionManager: Test host is always Lazy initialize.
TpTrace Verbose: 0 : 31328, 7, 2023/10/22, 22:12:46.005, 8941026356083, vstest.console.dll, TestRequestSender.InitializeCommunication: initialize communication. 
TpTrace Information: 0 : 31328, 7, 2023/10/22, 22:12:46.006, 8941026368477, vstest.console.dll, SocketServer.Start: Listening on endpoint : 127.0.0.1:52856
TpTrace Verbose: 0 : 31328, 7, 2023/10/22, 22:12:46.008, 8941026384061, vstest.console.dll, DotnetTestHostmanager.GetTestHostProcessStartInfo: Platform environment 'X64' target architecture 'X64' framework '.NETCoreApp,Version=v6.0' OS 'Windows'
TpTrace Verbose: 0 : 31328, 7, 2023/10/22, 22:12:46.008, 8941026386594, vstest.console.dll, DotnetTestHostmanager: Adding  --runtimeconfig "D:\Kanini\Internship\Devops Training\Final Assessment\DemeDotNet\DemoDotNetTest\bin\Debug\net6.0\fine-code-coverage\build-output\DemoDotNetTest.runtimeconfig.json" in args
TpTrace Verbose: 0 : 31328, 7, 2023/10/22, 22:12:46.008, 8941026387586, vstest.console.dll, DotnetTestHostmanager: Adding  --depsfile "D:\Kanini\Internship\Devops Training\Final Assessment\DemeDotNet\DemoDotNetTest\bin\Debug\net6.0\fine-code-coverage\build-output\DemoDotNetTest.deps.json" in args
TpTrace Verbose: 0 : 31328, 7, 2023/10/22, 22:12:46.009, 8941026391353, vstest.console.dll, DotnetTestHostmanager.IsWinOnArm: Current PROCESSOR_ARCHITECTURE from environment variable 'AMD64'
TpTrace Verbose: 0 : 31328, 7, 2023/10/22, 22:12:46.009, 8941026392583, vstest.console.dll, DotnetTestHostmanager.IsWinOnArm: Is Windows on ARM 'False'
TpTrace Verbose: 0 : 31328, 7, 2023/10/22, 22:12:46.009, 8941026393365, vstest.console.dll, DotnetTestHostManager: testhost.exe found at path: D:\Kanini\Internship\Devops Training\Final Assessment\DemeDotNet\DemoDotNetTest\bin\Debug\net6.0\fine-code-coverage\build-output\testhost.exe
TpTrace Verbose: 0 : 31328, 7, 2023/10/22, 22:12:46.009, 8941026393932, vstest.console.dll, DotnetTestHostmanager: Full path of host exe is D:\Kanini\Internship\Devops Training\Final Assessment\DemeDotNet\DemoDotNetTest\bin\Debug\net6.0\fine-code-coverage\build-output\testhost.exe
TpTrace Verbose: 0 : 31328, 7, 2023/10/22, 22:12:46.009, 8941026395992, vstest.console.dll, DotnetTestHostmanager.LaunchTestHostAsync: Found 'VSTEST_WINAPPHOST_DOTNET_ROOT' in env variables, value 'C:\Program Files\dotnet', forwarding to 'DOTNET_ROOT'
TpTrace Verbose: 0 : 31328, 7, 2023/10/22, 22:12:46.009, 8941026398682, vstest.console.dll, DotnetTestHostManager: Starting process 'D:\Kanini\Internship\Devops Training\Final Assessment\DemeDotNet\DemoDotNetTest\bin\Debug\net6.0\fine-code-coverage\build-output\testhost.exe' with command line ' --runtimeconfig "D:\Kanini\Internship\Devops Training\Final Assessment\DemeDotNet\DemoDotNetTest\bin\Debug\net6.0\fine-code-coverage\build-output\DemoDotNetTest.runtimeconfig.json" --depsfile "D:\Kanini\Internship\Devops Training\Final Assessment\DemeDotNet\DemoDotNetTest\bin\Debug\net6.0\fine-code-coverage\build-output\DemoDotNetTest.deps.json" --port 52856 --endpoint 127.0.0.1:052856 --role client --parentprocessid 31328 --diag "D:\Kanini\Internship\Devops Training\Final Assessment\DemeDotNet\DemoDotNetTest\bin\Debug\net6.0\fine-code-coverage\coverage-tool-output\diagnostics.host.23-10-22_22-12-46_00755_7.log" --tracelevel 4 --datacollectionport 52855 --telemetryoptedin false'
TpTrace Verbose: 0 : 31328, 7, 2023/10/22, 22:12:46.087, 8941027179405, vstest.console.dll, MulticastDelegateUtilities.SafeInvoke: HostProviderEvents.OnHostLaunched: Invoking callback 1/2 for Microsoft.VisualStudio.TestPlatform.CrossPlatEngine.Client.ProxyExecutionManagerWithDataCollection., took 2 ms.
TpTrace Verbose: 0 : 31328, 7, 2023/10/22, 22:12:46.088, 8941027184175, vstest.console.dll, Test Runtime launched
TpTrace Verbose: 0 : 31328, 7, 2023/10/22, 22:12:46.088, 8941027185612, vstest.console.dll, MulticastDelegateUtilities.SafeInvoke: HostProviderEvents.OnHostLaunched: Invoking callback 2/2 for Microsoft.VisualStudio.TestPlatform.CrossPlatEngine.Client.ProxyOperationManager., took 0 ms.
TpTrace Verbose: 0 : 31328, 7, 2023/10/22, 22:12:46.088, 8941027188346, vstest.console.dll, TestRequestSender.WaitForRequestHandlerConnection: waiting for connection with timeout: 90000.
TpTrace Verbose: 0 : 31328, 7, 2023/10/22, 22:12:46.381, 8941030113432, vstest.console.dll, TestRequestSender.WaitForRequestHandlerConnection: waiting took 292 ms, with timeout 90000 ms, and result 0, which is success.
TpTrace Verbose: 0 : 31328, 12, 2023/10/22, 22:12:46.382, 8941030121476, vstest.console.dll, MulticastDelegateUtilities.SafeInvoke: SocketServer: ClientConnected: Invoking callback 1/1 for Microsoft.VisualStudio.TestPlatform.CommunicationUtilities.TestRequestSender., took 0 ms.
TpTrace Verbose: 0 : 31328, 12, 2023/10/22, 22:12:46.382, 8941030123581, vstest.console.dll, SocketServer.OnClientConnected: Client connected for endPoint: 127.0.0.1:52856, starting MessageLoopAsync:
TpTrace Verbose: 0 : 31328, 12, 2023/10/22, 22:12:46.382, 8941030129428, vstest.console.dll, TcpClientExtensions.MessageLoopAsync: Polling on remoteEndPoint: 127.0.0.1:52857 localEndPoint: 127.0.0.1:52856
TpTrace Verbose: 0 : 31328, 7, 2023/10/22, 22:12:46.383, 8941030138451, vstest.console.dll, TestRequestSender.CheckVersionWithTestHost: Sending check version message: {"MessageType":"ProtocolVersion","Payload":7}
TpTrace Verbose: 0 : 31328, 12, 2023/10/22, 22:12:46.661, 8941032913437, vstest.console.dll, TcpClientExtensions.MessageLoopAsync: NotifyDataAvailable remoteEndPoint: 127.0.0.1:52857 localEndPoint: 127.0.0.1:52856
TpTrace Verbose: 0 : 31328, 12, 2023/10/22, 22:12:46.661, 8941032919592, vstest.console.dll, TestRequestSender.CheckVersionWithTestHost: onMessageReceived received message: (ProtocolVersion) -> {"MessageType":"ProtocolVersion","Payload":7}
TpTrace Verbose: 0 : 31328, 12, 2023/10/22, 22:12:46.663, 8941032935531, vstest.console.dll, MulticastDelegateUtilities.SafeInvoke: LengthPrefixCommunicationChannel: MessageReceived: Invoking callback 1/1 for Microsoft.VisualStudio.TestPlatform.CommunicationUtilities.TestRequestSender+<>c__DisplayClass29_0., took 1 ms.
TpTrace Verbose: 0 : 31328, 7, 2023/10/22, 22:12:46.663, 8941032936957, vstest.console.dll, TestPluginCache.GetExtensionPaths: Filtered extension paths: 
TpTrace Verbose: 0 : 31328, 12, 2023/10/22, 22:12:46.663, 8941032937501, vstest.console.dll, TcpClientExtensions.MessageLoopAsync: Polling on remoteEndPoint: 127.0.0.1:52857 localEndPoint: 127.0.0.1:52856
TpTrace Verbose: 0 : 31328, 7, 2023/10/22, 22:12:46.663, 8941032938522, vstest.console.dll, TestPluginCache.GetExtensionPaths: Added default extension paths: C:\Program Files\dotnet\sdk\7.0.202\Extensions\Microsoft.Diagnostics.NETCore.Client.dll
C:\Program Files\dotnet\sdk\7.0.202\Extensions\Microsoft.TestPlatform.Extensions.BlameDataCollector.dll
C:\Program Files\dotnet\sdk\7.0.202\Extensions\Microsoft.TestPlatform.Extensions.EventLogCollector.dll
C:\Program Files\dotnet\sdk\7.0.202\Extensions\Microsoft.TestPlatform.TestHostRuntimeProvider.dll
C:\Program Files\dotnet\sdk\7.0.202\Extensions\Microsoft.VisualStudio.TestPlatform.Extensions.Html.TestLogger.dll
C:\Program Files\dotnet\sdk\7.0.202\Extensions\Microsoft.VisualStudio.TestPlatform.Extensions.Trx.TestLogger.dll
TpTrace Verbose: 0 : 31328, 7, 2023/10/22, 22:12:46.664, 8941032940601, vstest.console.dll, TestPluginCache.GetExtensionPaths: Added unfilterableExtensionPaths: 
TpTrace Verbose: 0 : 31328, 7, 2023/10/22, 22:12:46.671, 8941033015452, vstest.console.dll, TestRequestSender.InitializeExecution: Sending initialize execution with message: {"Version":7,"MessageType":"TestExecution.Initialize","Payload":["D:\\Kanini\\Internship\\Devops Training\\Final Assessment\\DemeDotNet\\DemoDotNetTest\\bin\\Debug\\net6.0\\fine-code-coverage\\build-output\\Microsoft.VisualStudio.TestPlatform.MSTest.TestAdapter.dll"]}
TpTrace Warning: 0 : 31328, 7, 2023/10/22, 22:12:46.672, 8941033029958, vstest.console.dll, InferRunSettingsHelper.MakeRunsettingsCompatible: Removing the following settings: TargetPlatform from RunSettings file. To use those settings please move to latest version of Microsoft.NET.Test.Sdk
TpTrace Verbose: 0 : 31328, 12, 2023/10/22, 22:12:46.681, 8941033117625, vstest.console.dll, TcpClientExtensions.MessageLoopAsync: NotifyDataAvailable remoteEndPoint: 127.0.0.1:52857 localEndPoint: 127.0.0.1:52856
TpTrace Verbose: 0 : 31328, 12, 2023/10/22, 22:12:46.682, 8941033125746, vstest.console.dll, TestRequestSender.OnExecutionMessageReceived: Received message: {"Version":7,"MessageType":"TestSession.Message","Payload":{"MessageLevel":0,"Message":"Logging TestHost Diagnostics in file: D:\\Kanini\\Internship\\Devops Training\\Final Assessment\\DemeDotNet\\DemoDotNetTest\\bin\\Debug\\net6.0\\fine-code-coverage\\coverage-tool-output\\diagnostics.host.23-10-22_22-12-46_00755_7.log"}}
TpTrace Verbose: 0 : 31328, 12, 2023/10/22, 22:12:46.688, 8941033181654, vstest.console.dll, TestRunRequest:SendTestRunMessage: Starting.
TpTrace Verbose: 0 : 31328, 12, 2023/10/22, 22:12:46.688, 8941033185457, vstest.console.dll, MulticastDelegateUtilities.SafeInvoke: TestRun.LogMessages: Invoking callback 1/1 for Microsoft.VisualStudio.TestPlatform.CommandLine.TestRunResultAggregator., took 0 ms.
TpTrace Verbose: 0 : 31328, 4, 2023/10/22, 22:12:46.688, 8941033185677, vstest.console.dll, MulticastDelegateUtilities.SafeInvoke: InternalTestLoggerEvents.SendTestRunMessage: Invoking callback 1/1 for Microsoft.VisualStudio.TestPlatform.CommandLine.Internal.ConsoleLogger., took 0 ms.
TpTrace Information: 0 : 31328, 12, 2023/10/22, 22:12:46.688, 8941033187656, vstest.console.dll, TestRunRequest:SendTestRunMessage: Completed.
TpTrace Verbose: 0 : 31328, 12, 2023/10/22, 22:12:46.688, 8941033190005, vstest.console.dll, MulticastDelegateUtilities.SafeInvoke: LengthPrefixCommunicationChannel: MessageReceived: Invoking callback 1/1 for Microsoft.VisualStudio.TestPlatform.CommunicationUtilities.TestRequestSender+<>c__DisplayClass34_0., took 6 ms.
TpTrace Verbose: 0 : 31328, 12, 2023/10/22, 22:12:46.689, 8941033190926, vstest.console.dll, TcpClientExtensions.MessageLoopAsync: Polling on remoteEndPoint: 127.0.0.1:52857 localEndPoint: 127.0.0.1:52856
TpTrace Verbose: 0 : 31328, 7, 2023/10/22, 22:12:46.693, 8941033237939, vstest.console.dll, TestRequestSender.StartTestRun: Sending test run with message: {"Version":7,"MessageType":"TestExecution.StartWithSources","Payload":{"AdapterSourceMap":{"_none_":["D:\\Kanini\\Internship\\Devops Training\\Final Assessment\\DemeDotNet\\DemoDotNetTest\\bin\\Debug\\net6.0\\fine-code-coverage\\build-output\\DemoDotNetTest.dll"]},"RunSettings":"<RunSettings>\r\n  <RunConfiguration>\r\n    <ResultsDirectory>D:\\Kanini\\Internship\\Devops Training\\Final Assessment\\DemeDotNet\\DemoDotNetTest\\bin\\Debug\\net6.0\\fine-code-coverage\\coverage-tool-output</ResultsDirectory>\r\n    <TargetFrameworkVersion>.NETCoreApp,Version=v6.0</TargetFrameworkVersion>\r\n    <DesignMode>False</DesignMode>\r\n    <CollectSourceInformation>False</CollectSourceInformation>\r\n  </RunConfiguration>\r\n  <LoggerRunSettings>\r\n    <Loggers>\r\n      <Logger friendlyName=\"blame\" enabled=\"True\" />\r\n      <Logger friendlyName=\"Console\" uri=\"logger://microsoft/TestPlatform/ConsoleLogger/v1\" assemblyQualifiedName=\"Microsoft.VisualStudio.TestPlatform.CommandLine.Internal.ConsoleLogger, vstest.console, Version=15.0.0.0, Culture=neutral, PublicKeyToken=b03f5f7f11d50a3a\" codeBase=\"C:\\Program Files\\dotnet\\sdk\\7.0.202\\vstest.console.dll\" enabled=\"True\" />\r\n    </Loggers>\r\n  </LoggerRunSettings>\r\n  <DataCollectionRunSettings>\r\n    <DataCollectors>\r\n      <DataCollector friendlyName=\"blame\" enabled=\"True\">\r\n        <Configuration>\r\n          <ResultsDirectory>D:\\Kanini\\Internship\\Devops Training\\Final Assessment\\DemeDotNet\\DemoDotNetTest\\bin\\Debug\\net6.0\\fine-code-coverage\\coverage-tool-output</ResultsDirectory>\r\n        </Configuration>\r\n      </DataCollector>\r\n    </DataCollectors>\r\n  </DataCollectionRunSettings>\r\n</RunSettings>","TestExecutionContext":{"FrequencyOfRunStatsChangeEvent":10,"RunStatsChangeEventTimeout":"00:00:01.5000000","InIsolation":false,"KeepAlive":false,"AreTestCaseLevelEventsRequired":false,"IsDebug":false,"TestCaseFilter":null,"FilterOptions":null},"Package":null}}
TpTrace Verbose: 0 : 31328, 12, 2023/10/22, 22:12:47.433, 8941040632811, vstest.console.dll, TcpClientExtensions.MessageLoopAsync: NotifyDataAvailable remoteEndPoint: 127.0.0.1:52857 localEndPoint: 127.0.0.1:52856
TpTrace Verbose: 0 : 31328, 12, 2023/10/22, 22:12:47.433, 8941040636403, vstest.console.dll, TestRequestSender.OnExecutionMessageReceived: Received message: {"Version":7,"MessageType":"TestExecution.Completed","Payload":{"TestRunCompleteArgs":{"TestRunStatistics":{"ExecutedTests":1,"Stats":{"Passed":1}},"IsCanceled":false,"IsAborted":false,"Error":null,"AttachmentSets":[],"InvokedDataCollectors":[],"ElapsedTimeInRunningTests":"00:00:00.3841071","Metrics":{},"DiscoveredExtensions":{"TestDiscoverers":["Microsoft.VisualStudio.TestPlatform.MSTest.TestAdapter.MSTestDiscoverer, Microsoft.VisualStudio.TestPlatform.MSTest.TestAdapter, Version=14.0.0.0, Culture=neutral, PublicKeyToken=b03f5f7f11d50a3a"],"TestExecutors":["executor://MSTestAdapter/v2"],"TestExecutors2":[],"TestSettingsProviders":[]}},"LastRunTests":{"NewTestResults":[{"TestCase":{"Id":"763d5f0b-92a6-e759-78ec-783728897cac","FullyQualifiedName":"DemoDotNetTest.UnitTest1.TestProduct_ShouldReturnProductOfNumbers","DisplayName":"TestProduct_ShouldReturnProductOfNumbers","ExecutorUri":"executor://MSTestAdapter/v2","Source":"D:\\Kanini\\Internship\\Devops Training\\Final Assessment\\DemeDotNet\\DemoDotNetTest\\bin\\Debug\\net6.0\\fine-code-coverage\\build-output\\DemoDotNetTest.dll","CodeFilePath":null,"LineNumber":-1,"Properties":[{"Key":{"Id":"TestCase.ManagedType","Label":"ManagedType","Category":"","Description":"","Attributes":1,"ValueType":"System.String"},"Value":"DemoDotNetTest.UnitTest1"},{"Key":{"Id":"TestCase.ManagedMethod","Label":"ManagedMethod","Category":"","Description":"","Attributes":1,"ValueType":"System.String"},"Value":"TestProduct_ShouldReturnProductOfNumbers"},{"Key":{"Id":"MSTestDiscoverer.TestClassName","Label":"ClassName","Category":"","Description":"","Attributes":1,"ValueType":"System.String"},"Value":"DemoDotNetTest.UnitTest1"},{"Key":{"Id":"TestCase.Hierarchy","Label":"Hierarchy","Category":"","Description":"","Attributes":2,"ValueType":"System.String[]"},"Value":["DemoDotNetTest","UnitTest1"]},{"Key":{"Id":"TestObject.Traits","Label":"Traits","Category":"","Description":"","Attributes":5,"ValueType":"System.Collections.Generic.KeyValuePair`2[[System.String],[System.String]][]"},"Value":[]}]},"Attachments":[],"Outcome":1,"ErrorMessage":null,"ErrorStackTrace":null,"DisplayName":"TestProduct_ShouldReturnProductOfNumbers","Messages":[],"ComputerName":null,"Duration":"00:00:00.0094174","StartTime":"2023-10-22T22:12:47.272045+05:30","EndTime":"2023-10-22T22:12:47.3198913+05:30","Properties":[{"Key":{"Id":"ExecutionId","Label":"ExecutionId","Category":"","Description":"","Attributes":1,"ValueType":"System.Guid"},"Value":"00000000-0000-0000-0000-000000000000"},{"Key":{"Id":"ParentExecId","Label":"ParentExecId","Category":"","Description":"","Attributes":1,"ValueType":"System.Guid"},"Value":"00000000-0000-0000-0000-000000000000"},{"Key":{"Id":"InnerResultsCount","Label":"InnerResultsCount","Category":"","Description":"","Attributes":1,"ValueType":"System.Int32"},"Value":0}]}],"TestRunStatistics":{"ExecutedTests":1,"Stats":{"Passed":1}},"ActiveTests":[]},"RunAttachments":[],"ExecutorUris":["executor://mstestadapter/v2"]}}
TpTrace Verbose: 0 : 31328, 12, 2023/10/22, 22:12:47.433, 8941040638631, vstest.console.dll, TestRequestSender.EndSession: Sending end session.
TpTrace Verbose: 0 : 31328, 12, 2023/10/22, 22:12:47.434, 8941040641231, vstest.console.dll, ProxyOperationManager.Close: waiting for test host to exit for 100 ms
TpTrace Warning: 0 : 31328, 11, 2023/10/22, 22:12:47.468, 8941040981324, vstest.console.dll, TestHostManagerCallbacks.ErrorReceivedCallback Test host standard error line: 
TpTrace Verbose: 0 : 31328, 11, 2023/10/22, 22:12:47.475, 8941041058496, vstest.console.dll, TestHostProvider.ExitCallBack: Host exited starting callback.
TpTrace Information: 0 : 31328, 11, 2023/10/22, 22:12:47.476, 8941041061404, vstest.console.dll, TestHostManagerCallbacks.ExitCallBack: Testhost processId: 15092 exited with exitcode: 0 error: ''
TpTrace Verbose: 0 : 31328, 11, 2023/10/22, 22:12:47.476, 8941041062592, vstest.console.dll, DotnetTestHostManager.OnHostExited: invoking OnHostExited callback
TpTrace Verbose: 0 : 31328, 11, 2023/10/22, 22:12:47.476, 8941041063236, vstest.console.dll, CrossPlatEngine.TestHostManagerHostExited: calling on client process exit callback.
TpTrace Information: 0 : 31328, 11, 2023/10/22, 22:12:47.476, 8941041063931, vstest.console.dll, TestRequestSender.OnClientProcessExit: Test host process exited. Standard error: 
TpTrace Information: 0 : 31328, 11, 2023/10/22, 22:12:47.476, 8941041064391, vstest.console.dll, SocketServer.Stop: Stop server endPoint: 127.0.0.1:52856
TpTrace Information: 0 : 31328, 11, 2023/10/22, 22:12:47.476, 8941041064771, vstest.console.dll, SocketServer.Stop: Cancellation requested. Stopping message loop.
TpTrace Information: 0 : 31328, 12, 2023/10/22, 22:12:47.476, 8941041065957, vstest.console.dll, SocketServer.Stop: Stop server endPoint: 127.0.0.1:52856
TpTrace Verbose: 0 : 31328, 11, 2023/10/22, 22:12:47.476, 8941041065908, vstest.console.dll, MulticastDelegateUtilities.SafeInvoke: HostProviderEvents.OnHostExited: Invoking callback 1/1 for Microsoft.VisualStudio.TestPlatform.CrossPlatEngine.Client.ProxyOperationManager., took 0 ms.
TpTrace Information: 0 : 31328, 12, 2023/10/22, 22:12:47.476, 8941041067098, vstest.console.dll, SocketServer.Stop: Cancellation requested. Stopping message loop.
TpTrace Information: 0 : 31328, 12, 2023/10/22, 22:12:47.476, 8941041069003, vstest.console.dll, Closing the connection
TpTrace Verbose: 0 : 31328, 12, 2023/10/22, 22:12:47.477, 8941041072806, vstest.console.dll, ProxyDataCollectionManager.InvokeDataCollectionServiceAction: Starting.
TpTrace Information: 0 : 31328, 12, 2023/10/22, 22:12:47.477, 8941041073549, vstest.console.dll, ProxyDataCollectionManager.AfterTestRunEnd: Get attachment set and invoked data collectors processId: 28660 port: 52853
TpTrace Verbose: 0 : 31328, 12, 2023/10/22, 22:12:47.477, 8941041074134, vstest.console.dll, DataCollectionRequestSender.SendAfterTestRunStartAndGetResult: Send AfterTestRunEnd message with isCancelled: False
TpTrace Verbose: 0 : 31328, 12, 2023/10/22, 22:12:47.490, 8941041201055, vstest.console.dll, DataCollectionRequestSender.SendAfterTestRunStartAndGetResult: Received message: (DataCollection.AfterTestRunEndResult) -> {"MessageType":"DataCollection.AfterTestRunEndResult","Payload":{"AttachmentSets":[],"InvokedDataCollectors":[{"Uri":"datacollector://Microsoft/TestPlatform/Extensions/Blame/v1","FriendlyName":"Blame","AssemblyQualifiedName":"Microsoft.TestPlatform.Extensions.BlameDataCollector.BlameCollector, Microsoft.TestPlatform.Extensions.BlameDataCollector, Version=15.0.0.0, Culture=neutral, PublicKeyToken=b03f5f7f11d50a3a","FilePath":"C:\\Program Files\\dotnet\\sdk\\7.0.202\\Extensions\\Microsoft.TestPlatform.Extensions.BlameDataCollector.dll","HasAttachmentProcessor":false}],"Metrics":{}}}
TpTrace Information: 0 : 31328, 12, 2023/10/22, 22:12:47.500, 8941041303874, vstest.console.dll, ProxyDataCollectionManager.InvokeDataCollectionServiceAction: Completed.
TpTrace Warning: 0 : 31328, 9, 2023/10/22, 22:12:47.515, 8941041459035, vstest.console.dll, DataCollectionLauncher.ErrorReceivedCallback datacollector standard error line: 
TpTrace Information: 0 : 31328, 9, 2023/10/22, 22:12:47.523, 8941041534068, vstest.console.dll, DataCollectionLauncher.ExitCallBack: Data collector exited with exitcode: 0 error: ''
TpTrace Verbose: 0 : 31328, 12, 2023/10/22, 22:12:47.635, 8941042659930, vstest.console.dll, TestRunRequest:SendTestRunStatsChange: Starting.
TpTrace Verbose: 0 : 31328, 12, 2023/10/22, 22:12:47.636, 8941042664911, vstest.console.dll, MulticastDelegateUtilities.SafeInvoke: TestRun.RunStatsChanged: Invoking callbacks was skipped because there are no subscribers.
TpTrace Information: 0 : 31328, 12, 2023/10/22, 22:12:47.636, 8941042665462, vstest.console.dll, TestRunRequest:SendTestRunStatsChange: Completed.
TpTrace Verbose: 0 : 31328, 12, 2023/10/22, 22:12:47.637, 8941042674553, vstest.console.dll, ParallelProxyExecutionManager: HandlePartialRunComplete: Total completed clients = 1, Run complete = True, Run canceled: False.
TpTrace Verbose: 0 : 31328, 4, 2023/10/22, 22:12:47.641, 8941042712390, vstest.console.dll, MulticastDelegateUtilities.SafeInvoke: InternalTestLoggerEvents.SendTestResult: Invoking callback 1/1 for Microsoft.VisualStudio.TestPlatform.CommandLine.Internal.ConsoleLogger., took 4 ms.
TpTrace Verbose: 0 : 31328, 4, 2023/10/22, 22:12:47.654, 8941042849748, vstest.console.dll, MulticastDelegateUtilities.SafeInvoke: InternalTestLoggerEvents.SendTestRunComplete: Invoking callback 1/2 for Microsoft.TestPlatform.Extensions.BlameDataCollector.BlameLogger., took 0 ms.
TpTrace Verbose: 0 : 31328, 4, 2023/10/22, 22:12:47.663, 8941042939775, vstest.console.dll, MulticastDelegateUtilities.SafeInvoke: InternalTestLoggerEvents.SendTestRunComplete: Invoking callback 2/2 for Microsoft.VisualStudio.TestPlatform.CommandLine.Internal.ConsoleLogger., took 8 ms.
TpTrace Verbose: 0 : 31328, 12, 2023/10/22, 22:12:47.664, 8941042948976, vstest.console.dll, TestRunRequest:TestRunComplete: Starting. IsAborted:False IsCanceled:False.
TpTrace Verbose: 0 : 31328, 12, 2023/10/22, 22:12:47.667, 8941042977029, vstest.console.dll, TestLoggerManager.HandleTestRunComplete: Ignoring as the object is disposed.
TpTrace Verbose: 0 : 31328, 12, 2023/10/22, 22:12:47.668, 8941042980401, vstest.console.dll, MulticastDelegateUtilities.SafeInvoke: TestRun.TestRunComplete: Invoking callback 1/2 for Microsoft.VisualStudio.TestPlatform.CommandLine.TestRunResultAggregator., took 0 ms.
TpTrace Verbose: 0 : 31328, 12, 2023/10/22, 22:12:47.668, 8941042983586, vstest.console.dll, MulticastDelegateUtilities.SafeInvoke: TestRun.TestRunComplete: Invoking callback 2/2 for Microsoft.VisualStudio.TestPlatform.CommandLine.Processors.RunTestsArgumentExecutor+TestRunRequestEventsRegistrar., took 0 ms.
TpTrace Information: 0 : 31328, 12, 2023/10/22, 22:12:47.668, 8941042985084, vstest.console.dll, TestRunRequest:TestRunComplete: Completed.
TpTrace Verbose: 0 : 31328, 12, 2023/10/22, 22:12:47.668, 8941042985652, vstest.console.dll, TestRequestSender.SetOperationComplete: Setting operation complete.
TpTrace Information: 0 : 31328, 12, 2023/10/22, 22:12:47.668, 8941042986028, vstest.console.dll, SocketServer.Stop: Stop server endPoint: 127.0.0.1:52856
TpTrace Information: 0 : 31328, 12, 2023/10/22, 22:12:47.668, 8941042986305, vstest.console.dll, SocketServer.Stop: Cancellation requested. Stopping message loop.
TpTrace Verbose: 0 : 31328, 1, 2023/10/22, 22:12:47.668, 8941042986345, vstest.console.dll, TestRunRequest.Dispose: Starting.
TpTrace Information: 0 : 31328, 1, 2023/10/22, 22:12:47.668, 8941042987720, vstest.console.dll, TestRunRequest.Dispose: Completed.
TpTrace Verbose: 0 : 31328, 12, 2023/10/22, 22:12:47.668, 8941042986630, vstest.console.dll, MulticastDelegateUtilities.SafeInvoke: LengthPrefixCommunicationChannel: MessageReceived: Invoking callback 1/1 for Microsoft.VisualStudio.TestPlatform.CommunicationUtilities.TestRequestSender+<>c__DisplayClass34_0., took 235 ms.
TpTrace Information: 0 : 31328, 1, 2023/10/22, 22:12:47.668, 8941042988609, vstest.console.dll, TestRequestManager.RunTests: run tests completed.
TpTrace Information: 0 : 31328, 12, 2023/10/22, 22:12:47.668, 8941042989461, vstest.console.dll, SocketServer.PrivateStop: Stopping server endPoint: 127.0.0.1:52856 error: 
TpTrace Information: 0 : 31328, 1, 2023/10/22, 22:12:47.669, 8941042991848, vstest.console.dll, RunTestsArgumentProcessor:Execute: Test run is completed.
TpTrace Verbose: 0 : 31328, 1, 2023/10/22, 22:12:47.669, 8941042995010, vstest.console.dll, Executor.Execute: Exiting with exit code of 0
TpTrace Verbose: 0 : 31328, 12, 2023/10/22, 22:12:47.669, 8941042998125, vstest.console.dll, LengthPrefixCommunicationChannel.Dispose: Dispose reader and writer.
TpTrace Information: 0 : 31328, 12, 2023/10/22, 22:12:47.669, 8941042999183, vstest.console.dll, SocketServer.Stop: Raise disconnected event endPoint: 127.0.0.1:52856 error: 
TpTrace Verbose: 0 : 31328, 12, 2023/10/22, 22:12:47.670, 8941043000926, vstest.console.dll, TestRequestSender: OnTestRunAbort: Operation is already complete. Skip error message.
TpTrace Verbose: 0 : 31328, 12, 2023/10/22, 22:12:47.670, 8941043001702, vstest.console.dll, MulticastDelegateUtilities.SafeInvoke: SocketServer: ClientDisconnected: Invoking callback 1/1 for Microsoft.VisualStudio.TestPlatform.CommunicationUtilities.TestRequestSender., took 0 ms.
TpTrace Verbose: 0 : 31328, 12, 2023/10/22, 22:12:47.670, 8941043002197, vstest.console.dll, TcpClientExtensions.MessageLoopAsync: exiting MessageLoopAsync remoteEndPoint: 127.0.0.1:52857 localEndPoint: 127.0.0.1:52856
